{"c:\\Users\\janoka\\funWorkspace\\CloudDoorUi\\cloud-door-ui\\src\\App.js":{"path":"c:\\Users\\janoka\\funWorkspace\\CloudDoorUi\\cloud-door-ui\\src\\App.js","statementMap":{"0":{"start":{"line":12,"column":2},"end":{"line":31,"column":11}},"1":{"start":{"line":15,"column":8},"end":{"line":28,"column":10}},"2":{"start":{"line":21,"column":14},"end":{"line":25,"column":16}}},"fnMap":{"0":{"name":"(anonymous_0)","decl":{"start":{"line":11,"column":15},"end":{"line":11,"column":16}},"loc":{"start":{"line":12,"column":2},"end":{"line":31,"column":11}},"line":12},"1":{"name":"(anonymous_1)","decl":{"start":{"line":14,"column":18},"end":{"line":14,"column":19}},"loc":{"start":{"line":14,"column":36},"end":{"line":29,"column":7}},"line":14},"2":{"name":"(anonymous_2)","decl":{"start":{"line":20,"column":35},"end":{"line":20,"column":36}},"loc":{"start":{"line":20,"column":44},"end":{"line":26,"column":13}},"line":20}},"branchMap":{"0":{"loc":{"start":{"line":12,"column":20},"end":{"line":12,"column":56}},"type":"binary-expr","locations":[{"start":{"line":12,"column":20},"end":{"line":12,"column":50}},{"start":{"line":12,"column":54},"end":{"line":12,"column":56}}],"line":12}},"s":{"0":0,"1":0,"2":0},"f":{"0":0,"1":0,"2":0},"b":{"0":[0,0]}},"c:\\Users\\janoka\\funWorkspace\\CloudDoorUi\\cloud-door-ui\\src\\components\\add-new-post\\Editor.js":{"path":"c:\\Users\\janoka\\funWorkspace\\CloudDoorUi\\cloud-door-ui\\src\\components\\add-new-post\\Editor.js","statementMap":{"0":{"start":{"line":8,"column":15},"end":{"line":17,"column":1}},"1":{"start":{"line":9,"column":2},"end":{"line":16,"column":9}}},"fnMap":{"0":{"name":"(anonymous_0)","decl":{"start":{"line":8,"column":15},"end":{"line":8,"column":16}},"loc":{"start":{"line":9,"column":2},"end":{"line":16,"column":9}},"line":9}},"branchMap":{},"s":{"0":0,"1":0},"f":{"0":0},"b":{}},"c:\\Users\\janoka\\funWorkspace\\CloudDoorUi\\cloud-door-ui\\src\\components\\add-new-post\\SidebarActions.js":{"path":"c:\\Users\\janoka\\funWorkspace\\CloudDoorUi\\cloud-door-ui\\src\\components\\add-new-post\\SidebarActions.js","statementMap":{"0":{"start":{"line":14,"column":23},"end":{"line":62,"column":1}},"1":{"start":{"line":15,"column":2},"end":{"line":61,"column":9}},"2":{"start":{"line":64,"column":0},"end":{"line":69,"column":2}},"3":{"start":{"line":71,"column":0},"end":{"line":73,"column":2}}},"fnMap":{"0":{"name":"(anonymous_0)","decl":{"start":{"line":14,"column":23},"end":{"line":14,"column":24}},"loc":{"start":{"line":15,"column":2},"end":{"line":61,"column":9}},"line":15}},"branchMap":{},"s":{"0":0,"1":0,"2":0,"3":0},"f":{"0":0},"b":{}},"c:\\Users\\janoka\\funWorkspace\\CloudDoorUi\\cloud-door-ui\\src\\components\\add-new-post\\SidebarCategories.js":{"path":"c:\\Users\\janoka\\funWorkspace\\CloudDoorUi\\cloud-door-ui\\src\\components\\add-new-post\\SidebarCategories.js","statementMap":{"0":{"start":{"line":16,"column":26},"end":{"line":54,"column":1}},"1":{"start":{"line":17,"column":2},"end":{"line":53,"column":9}},"2":{"start":{"line":56,"column":0},"end":{"line":61,"column":2}},"3":{"start":{"line":63,"column":0},"end":{"line":65,"column":2}}},"fnMap":{"0":{"name":"(anonymous_0)","decl":{"start":{"line":16,"column":26},"end":{"line":16,"column":27}},"loc":{"start":{"line":17,"column":2},"end":{"line":53,"column":9}},"line":17}},"branchMap":{},"s":{"0":0,"1":0,"2":0,"3":0},"f":{"0":0},"b":{}},"c:\\Users\\janoka\\funWorkspace\\CloudDoorUi\\cloud-door-ui\\src\\components\\blog\\Discussions.js":{"path":"c:\\Users\\janoka\\funWorkspace\\CloudDoorUi\\cloud-door-ui\\src\\components\\blog\\Discussions.js","statementMap":{"0":{"start":{"line":14,"column":20},"end":{"line":83,"column":1}},"1":{"start":{"line":15,"column":2},"end":{"line":82,"column":9}},"2":{"start":{"line":22,"column":8},"end":{"line":69,"column":14}},"3":{"start":{"line":85,"column":0},"end":{"line":94,"column":2}},"4":{"start":{"line":96,"column":0},"end":{"line":142,"column":2}}},"fnMap":{"0":{"name":"(anonymous_0)","decl":{"start":{"line":14,"column":20},"end":{"line":14,"column":21}},"loc":{"start":{"line":15,"column":2},"end":{"line":82,"column":9}},"line":15},"1":{"name":"(anonymous_1)","decl":{"start":{"line":21,"column":23},"end":{"line":21,"column":24}},"loc":{"start":{"line":22,"column":8},"end":{"line":69,"column":14}},"line":22}},"branchMap":{},"s":{"0":0,"1":0,"2":0,"3":0,"4":0},"f":{"0":0,"1":0},"b":{}},"c:\\Users\\janoka\\funWorkspace\\CloudDoorUi\\cloud-door-ui\\src\\components\\blog\\NewDraft.js":{"path":"c:\\Users\\janoka\\funWorkspace\\CloudDoorUi\\cloud-door-ui\\src\\components\\blog\\NewDraft.js","statementMap":{"0":{"start":{"line":14,"column":17},"end":{"line":42,"column":1}},"1":{"start":{"line":15,"column":2},"end":{"line":41,"column":9}},"2":{"start":{"line":44,"column":0},"end":{"line":49,"column":2}},"3":{"start":{"line":51,"column":0},"end":{"line":53,"column":2}}},"fnMap":{"0":{"name":"(anonymous_0)","decl":{"start":{"line":14,"column":17},"end":{"line":14,"column":18}},"loc":{"start":{"line":15,"column":2},"end":{"line":41,"column":9}},"line":15}},"branchMap":{},"s":{"0":0,"1":0,"2":0,"3":0},"f":{"0":0},"b":{}},"c:\\Users\\janoka\\funWorkspace\\CloudDoorUi\\cloud-door-ui\\src\\components\\blog\\UsersByDevice.js":{"path":"c:\\Users\\janoka\\funWorkspace\\CloudDoorUi\\cloud-door-ui\\src\\components\\blog\\UsersByDevice.js","statementMap":{"0":{"start":{"line":17,"column":4},"end":{"line":17,"column":17}},"1":{"start":{"line":19,"column":4},"end":{"line":19,"column":39}},"2":{"start":{"line":23,"column":24},"end":{"line":44,"column":5}},"3":{"start":{"line":46,"column":4},"end":{"line":46,"column":51}},"4":{"start":{"line":50,"column":22},"end":{"line":50,"column":32}},"5":{"start":{"line":51,"column":4},"end":{"line":85,"column":6}},"6":{"start":{"line":89,"column":0},"end":{"line":106,"column":2}},"7":{"start":{"line":108,"column":0},"end":{"line":124,"column":2}}},"fnMap":{"0":{"name":"(anonymous_0)","decl":{"start":{"line":16,"column":2},"end":{"line":16,"column":3}},"loc":{"start":{"line":16,"column":21},"end":{"line":20,"column":3}},"line":16},"1":{"name":"(anonymous_1)","decl":{"start":{"line":22,"column":2},"end":{"line":22,"column":3}},"loc":{"start":{"line":22,"column":22},"end":{"line":47,"column":3}},"line":22},"2":{"name":"(anonymous_2)","decl":{"start":{"line":49,"column":2},"end":{"line":49,"column":3}},"loc":{"start":{"line":49,"column":11},"end":{"line":86,"column":3}},"line":49},"3":{"name":"(anonymous_3)","decl":{"start":{"line":70,"column":26},"end":{"line":70,"column":27}},"loc":{"start":{"line":70,"column":32},"end":{"line":70,"column":34}},"line":70}},"branchMap":{},"s":{"0":0,"1":0,"2":0,"3":0,"4":0,"5":0,"6":0,"7":0},"f":{"0":0,"1":0,"2":0,"3":0},"b":{}},"c:\\Users\\janoka\\funWorkspace\\CloudDoorUi\\cloud-door-ui\\src\\components\\blog\\UsersOverview.js":{"path":"c:\\Users\\janoka\\funWorkspace\\CloudDoorUi\\cloud-door-ui\\src\\components\\blog\\UsersOverview.js","statementMap":{"0":{"start":{"line":10,"column":4},"end":{"line":10,"column":17}},"1":{"start":{"line":12,"column":4},"end":{"line":12,"column":39}},"2":{"start":{"line":16,"column":25},"end":{"line":69,"column":5}},"3":{"start":{"line":38,"column":18},"end":{"line":38,"column":53}},"4":{"start":{"line":48,"column":18},"end":{"line":50,"column":19}},"5":{"start":{"line":49,"column":20},"end":{"line":49,"column":32}},"6":{"start":{"line":52,"column":18},"end":{"line":52,"column":76}},"7":{"start":{"line":71,"column":30},"end":{"line":75,"column":6}},"8":{"start":{"line":78,"column":20},"end":{"line":78,"column":55}},"9":{"start":{"line":79,"column":4},"end":{"line":79,"column":38}},"10":{"start":{"line":80,"column":4},"end":{"line":82,"column":24}},"11":{"start":{"line":85,"column":4},"end":{"line":85,"column":31}},"12":{"start":{"line":89,"column":22},"end":{"line":89,"column":32}},"13":{"start":{"line":90,"column":4},"end":{"line":116,"column":6}},"14":{"start":{"line":120,"column":0},"end":{"line":133,"column":2}},"15":{"start":{"line":135,"column":0},"end":{"line":230,"column":2}},"16":{"start":{"line":138,"column":49},"end":{"line":138,"column":64}}},"fnMap":{"0":{"name":"(anonymous_0)","decl":{"start":{"line":9,"column":2},"end":{"line":9,"column":3}},"loc":{"start":{"line":9,"column":21},"end":{"line":13,"column":3}},"line":9},"1":{"name":"(anonymous_1)","decl":{"start":{"line":15,"column":2},"end":{"line":15,"column":3}},"loc":{"start":{"line":15,"column":22},"end":{"line":86,"column":3}},"line":15},"2":{"name":"(anonymous_2)","decl":{"start":{"line":88,"column":2},"end":{"line":88,"column":3}},"loc":{"start":{"line":88,"column":11},"end":{"line":117,"column":3}},"line":88},"3":{"name":"(anonymous_3)","decl":{"start":{"line":138,"column":38},"end":{"line":138,"column":39}},"loc":{"start":{"line":138,"column":49},"end":{"line":138,"column":64}},"line":138}},"branchMap":{"0":{"loc":{"start":{"line":38,"column":25},"end":{"line":38,"column":52}},"type":"cond-expr","locations":[{"start":{"line":38,"column":43},"end":{"line":38,"column":45}},{"start":{"line":38,"column":48},"end":{"line":38,"column":52}}],"line":38},"1":{"loc":{"start":{"line":48,"column":18},"end":{"line":50,"column":19}},"type":"if","locations":[{"start":{"line":48,"column":18},"end":{"line":50,"column":19}},{"start":{"line":48,"column":18},"end":{"line":50,"column":19}}],"line":48},"2":{"loc":{"start":{"line":52,"column":25},"end":{"line":52,"column":75}},"type":"cond-expr","locations":[{"start":{"line":52,"column":38},"end":{"line":52,"column":68}},{"start":{"line":52,"column":71},"end":{"line":52,"column":75}}],"line":52},"3":{"loc":{"start":{"line":138,"column":49},"end":{"line":138,"column":64}},"type":"cond-expr","locations":[{"start":{"line":138,"column":59},"end":{"line":138,"column":60}},{"start":{"line":138,"column":63},"end":{"line":138,"column":64}}],"line":138}},"s":{"0":0,"1":0,"2":0,"3":0,"4":0,"5":0,"6":0,"7":0,"8":0,"9":0,"10":0,"11":0,"12":0,"13":0,"14":0,"15":0,"16":0},"f":{"0":0,"1":0,"2":0,"3":0},"b":{"0":[0,0],"1":[0,0],"2":[0,0],"3":[0,0]}},"c:\\Users\\janoka\\funWorkspace\\CloudDoorUi\\cloud-door-ui\\src\\components\\common\\CountryReports.js":{"path":"c:\\Users\\janoka\\funWorkspace\\CloudDoorUi\\cloud-door-ui\\src\\components\\common\\CountryReports.js","statementMap":{"0":{"start":{"line":15,"column":4},"end":{"line":15,"column":17}},"1":{"start":{"line":17,"column":4},"end":{"line":17,"column":36}},"2":{"start":{"line":19,"column":4},"end":{"line":19,"column":61}},"3":{"start":{"line":20,"column":4},"end":{"line":20,"column":61}},"4":{"start":{"line":24,"column":4},"end":{"line":24,"column":56}},"5":{"start":{"line":28,"column":33},"end":{"line":28,"column":43}},"6":{"start":{"line":30,"column":4},"end":{"line":92,"column":6}},"7":{"start":{"line":50,"column":16},"end":{"line":61,"column":21}},"8":{"start":{"line":96,"column":4},"end":{"line":100,"column":5}},"9":{"start":{"line":97,"column":6},"end":{"line":99,"column":9}},"10":{"start":{"line":98,"column":8},"end":{"line":98,"column":18}},"11":{"start":{"line":102,"column":4},"end":{"line":102,"column":43}},"12":{"start":{"line":104,"column":4},"end":{"line":111,"column":7}},"13":{"start":{"line":105,"column":19},"end":{"line":105,"column":51}},"14":{"start":{"line":106,"column":6},"end":{"line":106,"column":60}},"15":{"start":{"line":107,"column":6},"end":{"line":107,"column":36}},"16":{"start":{"line":108,"column":6},"end":{"line":108,"column":28}},"17":{"start":{"line":109,"column":6},"end":{"line":109,"column":28}},"18":{"start":{"line":110,"column":6},"end":{"line":110,"column":38}},"19":{"start":{"line":117,"column":4},"end":{"line":120,"column":7}},"20":{"start":{"line":122,"column":4},"end":{"line":141,"column":7}},"21":{"start":{"line":123,"column":19},"end":{"line":123,"column":77}},"22":{"start":{"line":125,"column":22},"end":{"line":131,"column":7}},"23":{"start":{"line":133,"column":20},"end":{"line":133,"column":74}},"24":{"start":{"line":136,"column":8},"end":{"line":136,"column":34}},"25":{"start":{"line":139,"column":6},"end":{"line":139,"column":21}},"26":{"start":{"line":140,"column":6},"end":{"line":140,"column":54}},"27":{"start":{"line":145,"column":0},"end":{"line":158,"column":2}},"28":{"start":{"line":160,"column":0},"end":{"line":195,"column":2}}},"fnMap":{"0":{"name":"(anonymous_0)","decl":{"start":{"line":14,"column":2},"end":{"line":14,"column":3}},"loc":{"start":{"line":14,"column":21},"end":{"line":21,"column":3}},"line":14},"1":{"name":"(anonymous_1)","decl":{"start":{"line":23,"column":2},"end":{"line":23,"column":3}},"loc":{"start":{"line":23,"column":22},"end":{"line":25,"column":3}},"line":23},"2":{"name":"(anonymous_2)","decl":{"start":{"line":27,"column":2},"end":{"line":27,"column":3}},"loc":{"start":{"line":27,"column":11},"end":{"line":93,"column":3}},"line":27},"3":{"name":"(anonymous_3)","decl":{"start":{"line":49,"column":29},"end":{"line":49,"column":30}},"loc":{"start":{"line":50,"column":16},"end":{"line":61,"column":21}},"line":50},"4":{"name":"(anonymous_4)","decl":{"start":{"line":75,"column":26},"end":{"line":75,"column":27}},"loc":{"start":{"line":75,"column":32},"end":{"line":75,"column":34}},"line":75},"5":{"name":"(anonymous_5)","decl":{"start":{"line":95,"column":2},"end":{"line":95,"column":3}},"loc":{"start":{"line":95,"column":21},"end":{"line":112,"column":3}},"line":95},"6":{"name":"(anonymous_6)","decl":{"start":{"line":97,"column":25},"end":{"line":97,"column":26}},"loc":{"start":{"line":97,"column":36},"end":{"line":99,"column":7}},"line":97},"7":{"name":"(anonymous_7)","decl":{"start":{"line":104,"column":23},"end":{"line":104,"column":24}},"loc":{"start":{"line":104,"column":44},"end":{"line":111,"column":5}},"line":104},"8":{"name":"(anonymous_8)","decl":{"start":{"line":114,"column":2},"end":{"line":114,"column":3}},"loc":{"start":{"line":114,"column":21},"end":{"line":142,"column":3}},"line":114},"9":{"name":"(anonymous_9)","decl":{"start":{"line":122,"column":36},"end":{"line":122,"column":37}},"loc":{"start":{"line":122,"column":42},"end":{"line":141,"column":5}},"line":122},"10":{"name":"drawGeochart","decl":{"start":{"line":135,"column":15},"end":{"line":135,"column":27}},"loc":{"start":{"line":135,"column":30},"end":{"line":137,"column":7}},"line":135}},"branchMap":{"0":{"loc":{"start":{"line":96,"column":4},"end":{"line":100,"column":5}},"type":"if","locations":[{"start":{"line":96,"column":4},"end":{"line":100,"column":5}},{"start":{"line":96,"column":4},"end":{"line":100,"column":5}}],"line":96}},"s":{"0":0,"1":0,"2":0,"3":0,"4":0,"5":0,"6":0,"7":0,"8":0,"9":0,"10":0,"11":0,"12":0,"13":0,"14":0,"15":0,"16":0,"17":0,"18":0,"19":0,"20":0,"21":0,"22":0,"23":0,"24":0,"25":0,"26":0,"27":0,"28":0},"f":{"0":0,"1":0,"2":0,"3":0,"4":0,"5":0,"6":0,"7":0,"8":0,"9":0,"10":0},"b":{"0":[0,0]}},"c:\\Users\\janoka\\funWorkspace\\CloudDoorUi\\cloud-door-ui\\src\\components\\common\\PageTitle.js":{"path":"c:\\Users\\janoka\\funWorkspace\\CloudDoorUi\\cloud-door-ui\\src\\components\\common\\PageTitle.js","statementMap":{"0":{"start":{"line":6,"column":18},"end":{"line":20,"column":1}},"1":{"start":{"line":7,"column":18},"end":{"line":12,"column":3}},"2":{"start":{"line":14,"column":2},"end":{"line":19,"column":3}},"3":{"start":{"line":22,"column":0},"end":{"line":31,"column":2}}},"fnMap":{"0":{"name":"(anonymous_0)","decl":{"start":{"line":6,"column":18},"end":{"line":6,"column":19}},"loc":{"start":{"line":6,"column":64},"end":{"line":20,"column":1}},"line":6}},"branchMap":{},"s":{"0":0,"1":0,"2":0,"3":0},"f":{"0":0},"b":{}},"c:\\Users\\janoka\\funWorkspace\\CloudDoorUi\\cloud-door-ui\\src\\components\\common\\RangeDatePicker.js":{"path":"c:\\Users\\janoka\\funWorkspace\\CloudDoorUi\\cloud-door-ui\\src\\components\\common\\RangeDatePicker.js","statementMap":{"0":{"start":{"line":14,"column":4},"end":{"line":14,"column":17}},"1":{"start":{"line":16,"column":4},"end":{"line":19,"column":6}},"2":{"start":{"line":21,"column":4},"end":{"line":21,"column":71}},"3":{"start":{"line":22,"column":4},"end":{"line":22,"column":67}},"4":{"start":{"line":26,"column":4},"end":{"line":29,"column":7}},"5":{"start":{"line":33,"column":4},"end":{"line":36,"column":7}},"6":{"start":{"line":40,"column":26},"end":{"line":40,"column":36}},"7":{"start":{"line":41,"column":20},"end":{"line":41,"column":76}},"8":{"start":{"line":43,"column":4},"end":{"line":67,"column":6}}},"fnMap":{"0":{"name":"(anonymous_0)","decl":{"start":{"line":13,"column":2},"end":{"line":13,"column":3}},"loc":{"start":{"line":13,"column":21},"end":{"line":23,"column":3}},"line":13},"1":{"name":"(anonymous_1)","decl":{"start":{"line":25,"column":2},"end":{"line":25,"column":3}},"loc":{"start":{"line":25,"column":31},"end":{"line":30,"column":3}},"line":25},"2":{"name":"(anonymous_2)","decl":{"start":{"line":32,"column":2},"end":{"line":32,"column":3}},"loc":{"start":{"line":32,"column":29},"end":{"line":37,"column":3}},"line":32},"3":{"name":"(anonymous_3)","decl":{"start":{"line":39,"column":2},"end":{"line":39,"column":3}},"loc":{"start":{"line":39,"column":11},"end":{"line":68,"column":3}},"line":39}},"branchMap":{},"s":{"0":0,"1":0,"2":0,"3":0,"4":0,"5":0,"6":0,"7":0,"8":0},"f":{"0":0,"1":0,"2":0,"3":0},"b":{}},"c:\\Users\\janoka\\funWorkspace\\CloudDoorUi\\cloud-door-ui\\src\\components\\common\\SmallStats.js":{"path":"c:\\Users\\janoka\\funWorkspace\\CloudDoorUi\\cloud-door-ui\\src\\components\\common\\SmallStats.js","statementMap":{"0":{"start":{"line":11,"column":4},"end":{"line":11,"column":17}},"1":{"start":{"line":13,"column":4},"end":{"line":13,"column":39}},"2":{"start":{"line":17,"column":25},"end":{"line":61,"column":5}},"3":{"start":{"line":63,"column":24},"end":{"line":77,"column":5}},"4":{"start":{"line":79,"column":4},"end":{"line":79,"column":51}},"5":{"start":{"line":83,"column":62},"end":{"line":83,"column":72}},"6":{"start":{"line":85,"column":24},"end":{"line":88,"column":5}},"7":{"start":{"line":90,"column":28},"end":{"line":92,"column":5}},"8":{"start":{"line":94,"column":32},"end":{"line":97,"column":5}},"9":{"start":{"line":99,"column":29},"end":{"line":102,"column":5}},"10":{"start":{"line":104,"column":25},"end":{"line":108,"column":5}},"11":{"start":{"line":110,"column":25},"end":{"line":114,"column":5}},"12":{"start":{"line":116,"column":34},"end":{"line":119,"column":5}},"13":{"start":{"line":121,"column":30},"end":{"line":124,"column":5}},"14":{"start":{"line":126,"column":25},"end":{"line":126,"column":53}},"15":{"start":{"line":128,"column":4},"end":{"line":147,"column":6}},"16":{"start":{"line":151,"column":0},"end":{"line":188,"column":2}},"17":{"start":{"line":190,"column":0},"end":{"line":199,"column":2}}},"fnMap":{"0":{"name":"(anonymous_0)","decl":{"start":{"line":10,"column":2},"end":{"line":10,"column":3}},"loc":{"start":{"line":10,"column":21},"end":{"line":14,"column":3}},"line":10},"1":{"name":"(anonymous_1)","decl":{"start":{"line":16,"column":2},"end":{"line":16,"column":3}},"loc":{"start":{"line":16,"column":22},"end":{"line":80,"column":3}},"line":16},"2":{"name":"(anonymous_2)","decl":{"start":{"line":82,"column":2},"end":{"line":82,"column":3}},"loc":{"start":{"line":82,"column":11},"end":{"line":148,"column":3}},"line":82}},"branchMap":{"0":{"loc":{"start":{"line":87,"column":6},"end":{"line":87,"column":46}},"type":"binary-expr","locations":[{"start":{"line":87,"column":6},"end":{"line":87,"column":15}},{"start":{"line":87,"column":19},"end":{"line":87,"column":46}}],"line":87},"1":{"loc":{"start":{"line":91,"column":6},"end":{"line":91,"column":52}},"type":"cond-expr","locations":[{"start":{"line":91,"column":26},"end":{"line":91,"column":38}},{"start":{"line":91,"column":41},"end":{"line":91,"column":52}}],"line":91},"2":{"loc":{"start":{"line":96,"column":6},"end":{"line":96,"column":55}},"type":"cond-expr","locations":[{"start":{"line":96,"column":26},"end":{"line":96,"column":46}},{"start":{"line":96,"column":49},"end":{"line":96,"column":55}}],"line":96},"3":{"loc":{"start":{"line":101,"column":6},"end":{"line":101,"column":40}},"type":"binary-expr","locations":[{"start":{"line":101,"column":6},"end":{"line":101,"column":23}},{"start":{"line":101,"column":27},"end":{"line":101,"column":40}}],"line":101},"4":{"loc":{"start":{"line":107,"column":6},"end":{"line":107,"column":33}},"type":"binary-expr","locations":[{"start":{"line":107,"column":6},"end":{"line":107,"column":23}},{"start":{"line":107,"column":27},"end":{"line":107,"column":33}}],"line":107},"5":{"loc":{"start":{"line":113,"column":6},"end":{"line":113,"column":40}},"type":"cond-expr","locations":[{"start":{"line":113,"column":26},"end":{"line":113,"column":32}},{"start":{"line":113,"column":35},"end":{"line":113,"column":40}}],"line":113},"6":{"loc":{"start":{"line":118,"column":6},"end":{"line":118,"column":58}},"type":"binary-expr","locations":[{"start":{"line":118,"column":6},"end":{"line":118,"column":23}},{"start":{"line":118,"column":27},"end":{"line":118,"column":58}}],"line":118},"7":{"loc":{"start":{"line":123,"column":34},"end":{"line":123,"column":68}},"type":"cond-expr","locations":[{"start":{"line":123,"column":45},"end":{"line":123,"column":55}},{"start":{"line":123,"column":58},"end":{"line":123,"column":68}}],"line":123},"8":{"loc":{"start":{"line":126,"column":25},"end":{"line":126,"column":53}},"type":"cond-expr","locations":[{"start":{"line":126,"column":45},"end":{"line":126,"column":48}},{"start":{"line":126,"column":51},"end":{"line":126,"column":53}}],"line":126}},"s":{"0":0,"1":0,"2":0,"3":0,"4":0,"5":0,"6":0,"7":0,"8":0,"9":0,"10":0,"11":0,"12":0,"13":0,"14":0,"15":0,"16":0,"17":0},"f":{"0":0,"1":0,"2":0},"b":{"0":[0,0],"1":[0,0],"2":[0,0],"3":[0,0],"4":[0,0],"5":[0,0],"6":[0,0],"7":[0,0],"8":[0,0]}},"c:\\Users\\janoka\\funWorkspace\\CloudDoorUi\\cloud-door-ui\\src\\components\\common\\TopReferrals.js":{"path":"c:\\Users\\janoka\\funWorkspace\\CloudDoorUi\\cloud-door-ui\\src\\components\\common\\TopReferrals.js","statementMap":{"0":{"start":{"line":15,"column":21},"end":{"line":60,"column":1}},"1":{"start":{"line":16,"column":2},"end":{"line":59,"column":9}},"2":{"start":{"line":25,"column":10},"end":{"line":30,"column":26}},"3":{"start":{"line":62,"column":0},"end":{"line":71,"column":2}},"4":{"start":{"line":73,"column":0},"end":{"line":109,"column":2}}},"fnMap":{"0":{"name":"(anonymous_0)","decl":{"start":{"line":15,"column":21},"end":{"line":15,"column":22}},"loc":{"start":{"line":16,"column":2},"end":{"line":59,"column":9}},"line":16},"1":{"name":"(anonymous_1)","decl":{"start":{"line":24,"column":26},"end":{"line":24,"column":27}},"loc":{"start":{"line":25,"column":10},"end":{"line":30,"column":26}},"line":25},"2":{"name":"(anonymous_2)","decl":{"start":{"line":43,"column":22},"end":{"line":43,"column":23}},"loc":{"start":{"line":43,"column":28},"end":{"line":43,"column":30}},"line":43}},"branchMap":{},"s":{"0":0,"1":0,"2":0,"3":0,"4":0},"f":{"0":0,"1":0,"2":0},"b":{}},"c:\\Users\\janoka\\funWorkspace\\CloudDoorUi\\cloud-door-ui\\src\\components\\components-overview\\ButtonGroups.js":{"path":"c:\\Users\\janoka\\funWorkspace\\CloudDoorUi\\cloud-door-ui\\src\\components\\components-overview\\ButtonGroups.js","statementMap":{"0":{"start":{"line":4,"column":21},"end":{"line":11,"column":1}},"1":{"start":{"line":5,"column":2},"end":{"line":10,"column":16}}},"fnMap":{"0":{"name":"(anonymous_0)","decl":{"start":{"line":4,"column":21},"end":{"line":4,"column":22}},"loc":{"start":{"line":5,"column":2},"end":{"line":10,"column":16}},"line":5}},"branchMap":{},"s":{"0":0,"1":0},"f":{"0":0},"b":{}},"c:\\Users\\janoka\\funWorkspace\\CloudDoorUi\\cloud-door-ui\\src\\components\\components-overview\\Checkboxes.js":{"path":"c:\\Users\\janoka\\funWorkspace\\CloudDoorUi\\cloud-door-ui\\src\\components\\components-overview\\Checkboxes.js","statementMap":{"0":{"start":{"line":4,"column":19},"end":{"line":16,"column":1}},"1":{"start":{"line":5,"column":2},"end":{"line":15,"column":8}}},"fnMap":{"0":{"name":"(anonymous_0)","decl":{"start":{"line":4,"column":19},"end":{"line":4,"column":20}},"loc":{"start":{"line":5,"column":2},"end":{"line":15,"column":8}},"line":5}},"branchMap":{},"s":{"0":0,"1":0},"f":{"0":0},"b":{}},"c:\\Users\\janoka\\funWorkspace\\CloudDoorUi\\cloud-door-ui\\src\\components\\components-overview\\Colors.js":{"path":"c:\\Users\\janoka\\funWorkspace\\CloudDoorUi\\cloud-door-ui\\src\\components\\components-overview\\Colors.js","statementMap":{"0":{"start":{"line":4,"column":15},"end":{"line":62,"column":1}},"1":{"start":{"line":5,"column":2},"end":{"line":61,"column":8}}},"fnMap":{"0":{"name":"(anonymous_0)","decl":{"start":{"line":4,"column":15},"end":{"line":4,"column":16}},"loc":{"start":{"line":5,"column":2},"end":{"line":61,"column":8}},"line":5}},"branchMap":{},"s":{"0":0,"1":0},"f":{"0":0},"b":{}},"c:\\Users\\janoka\\funWorkspace\\CloudDoorUi\\cloud-door-ui\\src\\components\\components-overview\\CompleteFormExample.js":{"path":"c:\\Users\\janoka\\funWorkspace\\CloudDoorUi\\cloud-door-ui\\src\\components\\components-overview\\CompleteFormExample.js","statementMap":{"0":{"start":{"line":15,"column":28},"end":{"line":82,"column":1}},"1":{"start":{"line":16,"column":2},"end":{"line":81,"column":14}}},"fnMap":{"0":{"name":"(anonymous_0)","decl":{"start":{"line":15,"column":28},"end":{"line":15,"column":29}},"loc":{"start":{"line":16,"column":2},"end":{"line":81,"column":14}},"line":16}},"branchMap":{},"s":{"0":0,"1":0},"f":{"0":0},"b":{}},"c:\\Users\\janoka\\funWorkspace\\CloudDoorUi\\cloud-door-ui\\src\\components\\components-overview\\CustomFileUpload.js":{"path":"c:\\Users\\janoka\\funWorkspace\\CloudDoorUi\\cloud-door-ui\\src\\components\\components-overview\\CustomFileUpload.js","statementMap":{"0":{"start":{"line":3,"column":25},"end":{"line":10,"column":1}},"1":{"start":{"line":4,"column":2},"end":{"line":9,"column":8}}},"fnMap":{"0":{"name":"(anonymous_0)","decl":{"start":{"line":3,"column":25},"end":{"line":3,"column":26}},"loc":{"start":{"line":4,"column":2},"end":{"line":9,"column":8}},"line":4}},"branchMap":{},"s":{"0":0,"1":0},"f":{"0":0},"b":{}},"c:\\Users\\janoka\\funWorkspace\\CloudDoorUi\\cloud-door-ui\\src\\components\\components-overview\\CustomSelect.js":{"path":"c:\\Users\\janoka\\funWorkspace\\CloudDoorUi\\cloud-door-ui\\src\\components\\components-overview\\CustomSelect.js","statementMap":{"0":{"start":{"line":9,"column":21},"end":{"line":31,"column":1}},"1":{"start":{"line":10,"column":2},"end":{"line":30,"column":8}}},"fnMap":{"0":{"name":"(anonymous_0)","decl":{"start":{"line":9,"column":21},"end":{"line":9,"column":22}},"loc":{"start":{"line":10,"column":2},"end":{"line":30,"column":8}},"line":10}},"branchMap":{},"s":{"0":0,"1":0},"f":{"0":0},"b":{}},"c:\\Users\\janoka\\funWorkspace\\CloudDoorUi\\cloud-door-ui\\src\\components\\components-overview\\DropdownInputGroups.js":{"path":"c:\\Users\\janoka\\funWorkspace\\CloudDoorUi\\cloud-door-ui\\src\\components\\components-overview\\DropdownInputGroups.js","statementMap":{"0":{"start":{"line":13,"column":4},"end":{"line":13,"column":17}},"1":{"start":{"line":15,"column":4},"end":{"line":15,"column":41}},"2":{"start":{"line":17,"column":4},"end":{"line":20,"column":6}},"3":{"start":{"line":24,"column":21},"end":{"line":24,"column":38}},"4":{"start":{"line":25,"column":4},"end":{"line":25,"column":41}},"5":{"start":{"line":26,"column":4},"end":{"line":26,"column":28}},"6":{"start":{"line":30,"column":4},"end":{"line":64,"column":6}},"7":{"start":{"line":36,"column":26},"end":{"line":36,"column":50}},"8":{"start":{"line":51,"column":26},"end":{"line":51,"column":50}}},"fnMap":{"0":{"name":"(anonymous_0)","decl":{"start":{"line":12,"column":2},"end":{"line":12,"column":3}},"loc":{"start":{"line":12,"column":21},"end":{"line":21,"column":3}},"line":12},"1":{"name":"(anonymous_1)","decl":{"start":{"line":23,"column":2},"end":{"line":23,"column":3}},"loc":{"start":{"line":23,"column":16},"end":{"line":27,"column":3}},"line":23},"2":{"name":"(anonymous_2)","decl":{"start":{"line":29,"column":2},"end":{"line":29,"column":3}},"loc":{"start":{"line":29,"column":11},"end":{"line":65,"column":3}},"line":29},"3":{"name":"(anonymous_3)","decl":{"start":{"line":36,"column":20},"end":{"line":36,"column":21}},"loc":{"start":{"line":36,"column":26},"end":{"line":36,"column":50}},"line":36},"4":{"name":"(anonymous_4)","decl":{"start":{"line":51,"column":20},"end":{"line":51,"column":21}},"loc":{"start":{"line":51,"column":26},"end":{"line":51,"column":50}},"line":51}},"branchMap":{},"s":{"0":0,"1":0,"2":0,"3":0,"4":0,"5":0,"6":0,"7":0,"8":0},"f":{"0":0,"1":0,"2":0,"3":0,"4":0},"b":{}},"c:\\Users\\janoka\\funWorkspace\\CloudDoorUi\\cloud-door-ui\\src\\components\\components-overview\\Forms.js":{"path":"c:\\Users\\janoka\\funWorkspace\\CloudDoorUi\\cloud-door-ui\\src\\components\\components-overview\\Forms.js","statementMap":{"0":{"start":{"line":14,"column":14},"end":{"line":54,"column":1}},"1":{"start":{"line":15,"column":2},"end":{"line":53,"column":8}}},"fnMap":{"0":{"name":"(anonymous_0)","decl":{"start":{"line":14,"column":14},"end":{"line":14,"column":15}},"loc":{"start":{"line":15,"column":2},"end":{"line":53,"column":8}},"line":15},"1":{"name":"(anonymous_1)","decl":{"start":{"line":31,"column":20},"end":{"line":31,"column":21}},"loc":{"start":{"line":31,"column":26},"end":{"line":31,"column":28}},"line":31},"2":{"name":"(anonymous_2)","decl":{"start":{"line":38,"column":20},"end":{"line":38,"column":21}},"loc":{"start":{"line":38,"column":26},"end":{"line":38,"column":28}},"line":38},"3":{"name":"(anonymous_3)","decl":{"start":{"line":43,"column":48},"end":{"line":43,"column":49}},"loc":{"start":{"line":43,"column":54},"end":{"line":43,"column":56}},"line":43}},"branchMap":{},"s":{"0":0,"1":0},"f":{"0":0,"1":0,"2":0,"3":0},"b":{}},"c:\\Users\\janoka\\funWorkspace\\CloudDoorUi\\cloud-door-ui\\src\\components\\components-overview\\FormValidation.js":{"path":"c:\\Users\\janoka\\funWorkspace\\CloudDoorUi\\cloud-door-ui\\src\\components\\components-overview\\FormValidation.js","statementMap":{"0":{"start":{"line":12,"column":23},"end":{"line":51,"column":1}},"1":{"start":{"line":13,"column":2},"end":{"line":50,"column":8}}},"fnMap":{"0":{"name":"(anonymous_0)","decl":{"start":{"line":12,"column":23},"end":{"line":12,"column":24}},"loc":{"start":{"line":13,"column":2},"end":{"line":50,"column":8}},"line":13},"1":{"name":"(anonymous_1)","decl":{"start":{"line":23,"column":22},"end":{"line":23,"column":23}},"loc":{"start":{"line":23,"column":28},"end":{"line":23,"column":30}},"line":23},"2":{"name":"(anonymous_2)","decl":{"start":{"line":33,"column":22},"end":{"line":33,"column":23}},"loc":{"start":{"line":33,"column":28},"end":{"line":33,"column":30}},"line":33}},"branchMap":{},"s":{"0":0,"1":0},"f":{"0":0,"1":0,"2":0},"b":{}},"c:\\Users\\janoka\\funWorkspace\\CloudDoorUi\\cloud-door-ui\\src\\components\\components-overview\\InputGroups.js":{"path":"c:\\Users\\janoka\\funWorkspace\\CloudDoorUi\\cloud-door-ui\\src\\components\\components-overview\\InputGroups.js","statementMap":{"0":{"start":{"line":9,"column":20},"end":{"line":35,"column":1}},"1":{"start":{"line":10,"column":2},"end":{"line":34,"column":8}}},"fnMap":{"0":{"name":"(anonymous_0)","decl":{"start":{"line":9,"column":20},"end":{"line":9,"column":21}},"loc":{"start":{"line":10,"column":2},"end":{"line":34,"column":8}},"line":10},"1":{"name":"(anonymous_1)","decl":{"start":{"line":19,"column":43},"end":{"line":19,"column":44}},"loc":{"start":{"line":19,"column":49},"end":{"line":19,"column":51}},"line":19},"2":{"name":"(anonymous_2)","decl":{"start":{"line":29,"column":40},"end":{"line":29,"column":41}},"loc":{"start":{"line":29,"column":46},"end":{"line":29,"column":48}},"line":29}},"branchMap":{},"s":{"0":0,"1":0},"f":{"0":0,"1":0,"2":0},"b":{}},"c:\\Users\\janoka\\funWorkspace\\CloudDoorUi\\cloud-door-ui\\src\\components\\components-overview\\NormalButtons.js":{"path":"c:\\Users\\janoka\\funWorkspace\\CloudDoorUi\\cloud-door-ui\\src\\components\\components-overview\\NormalButtons.js","statementMap":{"0":{"start":{"line":4,"column":22},"end":{"line":33,"column":1}},"1":{"start":{"line":5,"column":2},"end":{"line":32,"column":8}}},"fnMap":{"0":{"name":"(anonymous_0)","decl":{"start":{"line":4,"column":22},"end":{"line":4,"column":23}},"loc":{"start":{"line":5,"column":2},"end":{"line":32,"column":8}},"line":5}},"branchMap":{},"s":{"0":0,"1":0},"f":{"0":0},"b":{}},"c:\\Users\\janoka\\funWorkspace\\CloudDoorUi\\cloud-door-ui\\src\\components\\components-overview\\NormalOutlineButtons.js":{"path":"c:\\Users\\janoka\\funWorkspace\\CloudDoorUi\\cloud-door-ui\\src\\components\\components-overview\\NormalOutlineButtons.js","statementMap":{"0":{"start":{"line":4,"column":29},"end":{"line":33,"column":1}},"1":{"start":{"line":5,"column":2},"end":{"line":32,"column":8}}},"fnMap":{"0":{"name":"(anonymous_0)","decl":{"start":{"line":4,"column":29},"end":{"line":4,"column":30}},"loc":{"start":{"line":5,"column":2},"end":{"line":32,"column":8}},"line":5}},"branchMap":{},"s":{"0":0,"1":0},"f":{"0":0},"b":{}},"c:\\Users\\janoka\\funWorkspace\\CloudDoorUi\\cloud-door-ui\\src\\components\\components-overview\\ProgressBars.js":{"path":"c:\\Users\\janoka\\funWorkspace\\CloudDoorUi\\cloud-door-ui\\src\\components\\components-overview\\ProgressBars.js","statementMap":{"0":{"start":{"line":4,"column":21},"end":{"line":29,"column":1}},"1":{"start":{"line":5,"column":2},"end":{"line":28,"column":18}}},"fnMap":{"0":{"name":"(anonymous_0)","decl":{"start":{"line":4,"column":21},"end":{"line":4,"column":22}},"loc":{"start":{"line":5,"column":2},"end":{"line":28,"column":18}},"line":5}},"branchMap":{},"s":{"0":0,"1":0},"f":{"0":0},"b":{}},"c:\\Users\\janoka\\funWorkspace\\CloudDoorUi\\cloud-door-ui\\src\\components\\components-overview\\RadioButtons.js":{"path":"c:\\Users\\janoka\\funWorkspace\\CloudDoorUi\\cloud-door-ui\\src\\components\\components-overview\\RadioButtons.js","statementMap":{"0":{"start":{"line":4,"column":21},"end":{"line":16,"column":1}},"1":{"start":{"line":5,"column":2},"end":{"line":15,"column":8}}},"fnMap":{"0":{"name":"(anonymous_0)","decl":{"start":{"line":4,"column":21},"end":{"line":4,"column":22}},"loc":{"start":{"line":5,"column":2},"end":{"line":15,"column":8}},"line":5}},"branchMap":{},"s":{"0":0,"1":0},"f":{"0":0},"b":{}},"c:\\Users\\janoka\\funWorkspace\\CloudDoorUi\\cloud-door-ui\\src\\components\\components-overview\\SeamlessInputGroups.js":{"path":"c:\\Users\\janoka\\funWorkspace\\CloudDoorUi\\cloud-door-ui\\src\\components\\components-overview\\SeamlessInputGroups.js","statementMap":{"0":{"start":{"line":10,"column":28},"end":{"line":41,"column":1}},"1":{"start":{"line":11,"column":2},"end":{"line":40,"column":8}}},"fnMap":{"0":{"name":"(anonymous_0)","decl":{"start":{"line":10,"column":28},"end":{"line":10,"column":29}},"loc":{"start":{"line":11,"column":2},"end":{"line":40,"column":8}},"line":11},"1":{"name":"(anonymous_1)","decl":{"start":{"line":18,"column":51},"end":{"line":18,"column":52}},"loc":{"start":{"line":18,"column":57},"end":{"line":18,"column":59}},"line":18},"2":{"name":"(anonymous_2)","decl":{"start":{"line":25,"column":18},"end":{"line":25,"column":19}},"loc":{"start":{"line":25,"column":24},"end":{"line":25,"column":26}},"line":25}},"branchMap":{},"s":{"0":0,"1":0},"f":{"0":0,"1":0,"2":0},"b":{}},"c:\\Users\\janoka\\funWorkspace\\CloudDoorUi\\cloud-door-ui\\src\\components\\components-overview\\Sliders.js":{"path":"c:\\Users\\janoka\\funWorkspace\\CloudDoorUi\\cloud-door-ui\\src\\components\\components-overview\\Sliders.js","statementMap":{"0":{"start":{"line":4,"column":16},"end":{"line":36,"column":1}},"1":{"start":{"line":5,"column":2},"end":{"line":35,"column":18}}},"fnMap":{"0":{"name":"(anonymous_0)","decl":{"start":{"line":4,"column":16},"end":{"line":4,"column":17}},"loc":{"start":{"line":5,"column":2},"end":{"line":35,"column":18}},"line":5}},"branchMap":{},"s":{"0":0,"1":0},"f":{"0":0},"b":{}},"c:\\Users\\janoka\\funWorkspace\\CloudDoorUi\\cloud-door-ui\\src\\components\\components-overview\\SmallButtons.js":{"path":"c:\\Users\\janoka\\funWorkspace\\CloudDoorUi\\cloud-door-ui\\src\\components\\components-overview\\SmallButtons.js","statementMap":{"0":{"start":{"line":4,"column":21},"end":{"line":33,"column":1}},"1":{"start":{"line":5,"column":2},"end":{"line":32,"column":8}}},"fnMap":{"0":{"name":"(anonymous_0)","decl":{"start":{"line":4,"column":21},"end":{"line":4,"column":22}},"loc":{"start":{"line":5,"column":2},"end":{"line":32,"column":8}},"line":5}},"branchMap":{},"s":{"0":0,"1":0},"f":{"0":0},"b":{}},"c:\\Users\\janoka\\funWorkspace\\CloudDoorUi\\cloud-door-ui\\src\\components\\components-overview\\SmallOutlineButtons.js":{"path":"c:\\Users\\janoka\\funWorkspace\\CloudDoorUi\\cloud-door-ui\\src\\components\\components-overview\\SmallOutlineButtons.js","statementMap":{"0":{"start":{"line":4,"column":28},"end":{"line":33,"column":1}},"1":{"start":{"line":5,"column":2},"end":{"line":32,"column":8}}},"fnMap":{"0":{"name":"(anonymous_0)","decl":{"start":{"line":4,"column":28},"end":{"line":4,"column":29}},"loc":{"start":{"line":5,"column":2},"end":{"line":32,"column":8}},"line":5}},"branchMap":{},"s":{"0":0,"1":0},"f":{"0":0},"b":{}},"c:\\Users\\janoka\\funWorkspace\\CloudDoorUi\\cloud-door-ui\\src\\components\\components-overview\\ToggleButtons.js":{"path":"c:\\Users\\janoka\\funWorkspace\\CloudDoorUi\\cloud-door-ui\\src\\components\\components-overview\\ToggleButtons.js","statementMap":{"0":{"start":{"line":4,"column":22},"end":{"line":22,"column":1}},"1":{"start":{"line":5,"column":2},"end":{"line":21,"column":8}}},"fnMap":{"0":{"name":"(anonymous_0)","decl":{"start":{"line":4,"column":22},"end":{"line":4,"column":23}},"loc":{"start":{"line":5,"column":2},"end":{"line":21,"column":8}},"line":5}},"branchMap":{},"s":{"0":0,"1":0},"f":{"0":0},"b":{}},"c:\\Users\\janoka\\funWorkspace\\CloudDoorUi\\cloud-door-ui\\src\\components\\devices\\DeviceInfo.js":{"path":"c:\\Users\\janoka\\funWorkspace\\CloudDoorUi\\cloud-door-ui\\src\\components\\devices\\DeviceInfo.js","statementMap":{"0":{"start":{"line":13,"column":4},"end":{"line":13,"column":17}},"1":{"start":{"line":15,"column":4},"end":{"line":25,"column":6}},"2":{"start":{"line":29,"column":4},"end":{"line":29,"column":26}},"3":{"start":{"line":33,"column":4},"end":{"line":68,"column":6}},"4":{"start":{"line":59,"column":16},"end":{"line":63,"column":23}}},"fnMap":{"0":{"name":"(anonymous_0)","decl":{"start":{"line":12,"column":2},"end":{"line":12,"column":3}},"loc":{"start":{"line":12,"column":21},"end":{"line":26,"column":3}},"line":12},"1":{"name":"(anonymous_1)","decl":{"start":{"line":28,"column":2},"end":{"line":28,"column":3}},"loc":{"start":{"line":28,"column":19},"end":{"line":30,"column":3}},"line":28},"2":{"name":"(anonymous_2)","decl":{"start":{"line":32,"column":2},"end":{"line":32,"column":3}},"loc":{"start":{"line":32,"column":11},"end":{"line":69,"column":3}},"line":32},"3":{"name":"(anonymous_3)","decl":{"start":{"line":58,"column":40},"end":{"line":58,"column":41}},"loc":{"start":{"line":59,"column":16},"end":{"line":63,"column":23}},"line":59}},"branchMap":{},"s":{"0":0,"1":0,"2":0,"3":0,"4":0},"f":{"0":0,"1":0,"2":0,"3":0},"b":{}},"c:\\Users\\janoka\\funWorkspace\\CloudDoorUi\\cloud-door-ui\\src\\components\\devices\\DeviceListContainer.js":{"path":"c:\\Users\\janoka\\funWorkspace\\CloudDoorUi\\cloud-door-ui\\src\\components\\devices\\DeviceListContainer.js","statementMap":{"0":{"start":{"line":4,"column":19},"end":{"line":18,"column":1}},"1":{"start":{"line":5,"column":4},"end":{"line":17,"column":7}},"2":{"start":{"line":6,"column":8},"end":{"line":16,"column":10}},"3":{"start":{"line":8,"column":16},"end":{"line":14,"column":21}},"4":{"start":{"line":8,"column":35},"end":{"line":8,"column":72}},"5":{"start":{"line":22,"column":8},"end":{"line":22,"column":16}},"6":{"start":{"line":23,"column":8},"end":{"line":25,"column":9}},"7":{"start":{"line":29,"column":8},"end":{"line":30,"column":57}},"8":{"start":{"line":30,"column":29},"end":{"line":30,"column":55}},"9":{"start":{"line":34,"column":8},"end":{"line":35,"column":47}},"10":{"start":{"line":35,"column":30},"end":{"line":35,"column":45}},"11":{"start":{"line":39,"column":8},"end":{"line":39,"column":59}}},"fnMap":{"0":{"name":"(anonymous_0)","decl":{"start":{"line":4,"column":19},"end":{"line":4,"column":20}},"loc":{"start":{"line":4,"column":28},"end":{"line":18,"column":1}},"line":4},"1":{"name":"(anonymous_1)","decl":{"start":{"line":5,"column":29},"end":{"line":5,"column":30}},"loc":{"start":{"line":5,"column":39},"end":{"line":17,"column":5}},"line":5},"2":{"name":"(anonymous_2)","decl":{"start":{"line":7,"column":43},"end":{"line":7,"column":44}},"loc":{"start":{"line":8,"column":16},"end":{"line":14,"column":21}},"line":8},"3":{"name":"(anonymous_3)","decl":{"start":{"line":8,"column":29},"end":{"line":8,"column":30}},"loc":{"start":{"line":8,"column":35},"end":{"line":8,"column":72}},"line":8},"4":{"name":"(anonymous_4)","decl":{"start":{"line":21,"column":4},"end":{"line":21,"column":5}},"loc":{"start":{"line":21,"column":18},"end":{"line":26,"column":5}},"line":21},"5":{"name":"(anonymous_5)","decl":{"start":{"line":28,"column":4},"end":{"line":28,"column":5}},"loc":{"start":{"line":28,"column":24},"end":{"line":31,"column":5}},"line":28},"6":{"name":"(anonymous_6)","decl":{"start":{"line":30,"column":18},"end":{"line":30,"column":19}},"loc":{"start":{"line":30,"column":29},"end":{"line":30,"column":55}},"line":30},"7":{"name":"(anonymous_7)","decl":{"start":{"line":33,"column":4},"end":{"line":33,"column":5}},"loc":{"start":{"line":33,"column":19},"end":{"line":36,"column":5}},"line":33},"8":{"name":"(anonymous_8)","decl":{"start":{"line":35,"column":18},"end":{"line":35,"column":19}},"loc":{"start":{"line":35,"column":30},"end":{"line":35,"column":45}},"line":35},"9":{"name":"(anonymous_9)","decl":{"start":{"line":38,"column":4},"end":{"line":38,"column":5}},"loc":{"start":{"line":38,"column":13},"end":{"line":40,"column":5}},"line":38}},"branchMap":{"0":{"loc":{"start":{"line":9,"column":143},"end":{"line":9,"column":183}},"type":"cond-expr","locations":[{"start":{"line":9,"column":159},"end":{"line":9,"column":166}},{"start":{"line":9,"column":169},"end":{"line":9,"column":183}}],"line":9},"1":{"loc":{"start":{"line":11,"column":25},"end":{"line":11,"column":55}},"type":"binary-expr","locations":[{"start":{"line":11,"column":25},"end":{"line":11,"column":34}},{"start":{"line":11,"column":38},"end":{"line":11,"column":55}}],"line":11}},"s":{"0":0,"1":0,"2":0,"3":0,"4":0,"5":0,"6":0,"7":0,"8":0,"9":0,"10":0,"11":0},"f":{"0":0,"1":0,"2":0,"3":0,"4":0,"5":0,"6":0,"7":0,"8":0,"9":0},"b":{"0":[0,0],"1":[0,0]}},"c:\\Users\\janoka\\funWorkspace\\CloudDoorUi\\cloud-door-ui\\src\\components\\devices\\DeviceOperations.js":{"path":"c:\\Users\\janoka\\funWorkspace\\CloudDoorUi\\cloud-door-ui\\src\\components\\devices\\DeviceOperations.js","statementMap":{"0":{"start":{"line":17,"column":4},"end":{"line":17,"column":12}},"1":{"start":{"line":19,"column":4},"end":{"line":19,"column":17}},"2":{"start":{"line":21,"column":4},"end":{"line":21,"column":39}},"3":{"start":{"line":23,"column":4},"end":{"line":25,"column":6}},"4":{"start":{"line":29,"column":4},"end":{"line":29,"column":28}},"5":{"start":{"line":30,"column":4},"end":{"line":32,"column":5}},"6":{"start":{"line":31,"column":6},"end":{"line":31,"column":47}},"7":{"start":{"line":37,"column":20},"end":{"line":42,"column":7}},"8":{"start":{"line":44,"column":4},"end":{"line":55,"column":6}}},"fnMap":{"0":{"name":"(anonymous_0)","decl":{"start":{"line":16,"column":2},"end":{"line":16,"column":3}},"loc":{"start":{"line":16,"column":20},"end":{"line":26,"column":3}},"line":16},"1":{"name":"(anonymous_1)","decl":{"start":{"line":28,"column":2},"end":{"line":28,"column":3}},"loc":{"start":{"line":28,"column":20},"end":{"line":33,"column":3}},"line":28},"2":{"name":"(anonymous_2)","decl":{"start":{"line":35,"column":2},"end":{"line":35,"column":3}},"loc":{"start":{"line":35,"column":11},"end":{"line":56,"column":3}},"line":35}},"branchMap":{"0":{"loc":{"start":{"line":30,"column":4},"end":{"line":32,"column":5}},"type":"if","locations":[{"start":{"line":30,"column":4},"end":{"line":32,"column":5}},{"start":{"line":30,"column":4},"end":{"line":32,"column":5}}],"line":30},"1":{"loc":{"start":{"line":37,"column":20},"end":{"line":42,"column":7}},"type":"cond-expr","locations":[{"start":{"line":39,"column":8},"end":{"line":39,"column":57}},{"start":{"line":41,"column":8},"end":{"line":41,"column":70}}],"line":37}},"s":{"0":0,"1":0,"2":0,"3":0,"4":0,"5":0,"6":0,"7":0,"8":0},"f":{"0":0,"1":0,"2":0},"b":{"0":[0,0],"1":[0,0]}},"c:\\Users\\janoka\\funWorkspace\\CloudDoorUi\\cloud-door-ui\\src\\components\\devices\\files\\FileBrowser.js":{"path":"c:\\Users\\janoka\\funWorkspace\\CloudDoorUi\\cloud-door-ui\\src\\components\\devices\\files\\FileBrowser.js","statementMap":{"0":{"start":{"line":6,"column":19},"end":{"line":8,"column":1}},"1":{"start":{"line":14,"column":4},"end":{"line":14,"column":12}},"2":{"start":{"line":15,"column":4},"end":{"line":15,"column":17}},"3":{"start":{"line":17,"column":4},"end":{"line":19,"column":6}},"4":{"start":{"line":23,"column":4},"end":{"line":23,"column":28}},"5":{"start":{"line":27,"column":4},"end":{"line":38,"column":6}}},"fnMap":{"0":{"name":"(anonymous_0)","decl":{"start":{"line":13,"column":2},"end":{"line":13,"column":3}},"loc":{"start":{"line":13,"column":20},"end":{"line":20,"column":3}},"line":13},"1":{"name":"(anonymous_1)","decl":{"start":{"line":22,"column":2},"end":{"line":22,"column":3}},"loc":{"start":{"line":22,"column":20},"end":{"line":24,"column":3}},"line":22},"2":{"name":"(anonymous_2)","decl":{"start":{"line":26,"column":2},"end":{"line":26,"column":3}},"loc":{"start":{"line":26,"column":11},"end":{"line":39,"column":3}},"line":26}},"branchMap":{},"s":{"0":0,"1":0,"2":0,"3":0,"4":0,"5":0},"f":{"0":0,"1":0,"2":0},"b":{}},"c:\\Users\\janoka\\funWorkspace\\CloudDoorUi\\cloud-door-ui\\src\\components\\devices\\files\\FileBrowserApi.js":{"path":"c:\\Users\\janoka\\funWorkspace\\CloudDoorUi\\cloud-door-ui\\src\\components\\devices\\files\\FileBrowserApi.js","statementMap":{"0":{"start":{"line":4,"column":16},"end":{"line":14,"column":2}},"1":{"start":{"line":16,"column":25},"end":{"line":25,"column":2}},"2":{"start":{"line":27,"column":24},"end":{"line":36,"column":2}},"3":{"start":{"line":38,"column":14},"end":{"line":45,"column":1}},"4":{"start":{"line":39,"column":2},"end":{"line":41,"column":3}},"5":{"start":{"line":40,"column":4},"end":{"line":40,"column":28}},"6":{"start":{"line":42,"column":17},"end":{"line":42,"column":32}},"7":{"start":{"line":43,"column":2},"end":{"line":43,"column":28}},"8":{"start":{"line":44,"column":2},"end":{"line":44,"column":16}},"9":{"start":{"line":48,"column":4},"end":{"line":62,"column":5}},"10":{"start":{"line":49,"column":6},"end":{"line":59,"column":8}},"11":{"start":{"line":61,"column":6},"end":{"line":61,"column":16}},"12":{"start":{"line":65,"column":22},"end":{"line":71,"column":1}},"13":{"start":{"line":66,"column":19},"end":{"line":66,"column":43}},"14":{"start":{"line":67,"column":2},"end":{"line":69,"column":3}},"15":{"start":{"line":68,"column":4},"end":{"line":68,"column":22}},"16":{"start":{"line":70,"column":2},"end":{"line":70,"column":20}},"17":{"start":{"line":73,"column":22},"end":{"line":73,"column":57}},"18":{"start":{"line":73,"column":30},"end":{"line":73,"column":57}},"19":{"start":{"line":78,"column":4},"end":{"line":78,"column":20}},"20":{"start":{"line":79,"column":4},"end":{"line":79,"column":21}},"21":{"start":{"line":83,"column":4},"end":{"line":83,"column":16}},"22":{"start":{"line":87,"column":4},"end":{"line":90,"column":6}},"23":{"start":{"line":94,"column":4},"end":{"line":94,"column":39}},"24":{"start":{"line":98,"column":31},"end":{"line":98,"column":63}},"25":{"start":{"line":99,"column":19},"end":{"line":99,"column":38}},"26":{"start":{"line":100,"column":4},"end":{"line":102,"column":5}},"27":{"start":{"line":101,"column":6},"end":{"line":101,"column":77}},"28":{"start":{"line":103,"column":4},"end":{"line":103,"column":32}},"29":{"start":{"line":107,"column":4},"end":{"line":109,"column":5}},"30":{"start":{"line":108,"column":6},"end":{"line":108,"column":62}},"31":{"start":{"line":110,"column":19},"end":{"line":113,"column":6}},"32":{"start":{"line":115,"column":21},"end":{"line":115,"column":40}},"33":{"start":{"line":116,"column":22},"end":{"line":116,"column":58}},"34":{"start":{"line":118,"column":4},"end":{"line":128,"column":8}},"35":{"start":{"line":118,"column":37},"end":{"line":128,"column":5}},"36":{"start":{"line":132,"column":4},"end":{"line":155,"column":7}},"37":{"start":{"line":134,"column":21},"end":{"line":136,"column":8}},"38":{"start":{"line":138,"column":6},"end":{"line":154,"column":9}},"39":{"start":{"line":139,"column":21},"end":{"line":139,"column":46}},"40":{"start":{"line":140,"column":8},"end":{"line":153,"column":10}},"41":{"start":{"line":160,"column":4},"end":{"line":162,"column":5}},"42":{"start":{"line":161,"column":8},"end":{"line":161,"column":23}},"43":{"start":{"line":164,"column":4},"end":{"line":166,"column":5}},"44":{"start":{"line":165,"column":6},"end":{"line":165,"column":70}},"45":{"start":{"line":165,"column":53},"end":{"line":165,"column":68}},"46":{"start":{"line":168,"column":18},"end":{"line":168,"column":42}},"47":{"start":{"line":169,"column":4},"end":{"line":169,"column":46}},"48":{"start":{"line":169,"column":30},"end":{"line":169,"column":44}},"49":{"start":{"line":173,"column":4},"end":{"line":175,"column":5}},"50":{"start":{"line":174,"column":6},"end":{"line":174,"column":31}},"51":{"start":{"line":176,"column":4},"end":{"line":176,"column":30}},"52":{"start":{"line":180,"column":4},"end":{"line":182,"column":5}},"53":{"start":{"line":181,"column":6},"end":{"line":181,"column":20}},"54":{"start":{"line":184,"column":21},"end":{"line":184,"column":60}},"55":{"start":{"line":185,"column":4},"end":{"line":187,"column":5}},"56":{"start":{"line":186,"column":6},"end":{"line":186,"column":32}},"57":{"start":{"line":188,"column":4},"end":{"line":188,"column":18}},"58":{"start":{"line":192,"column":18},"end":{"line":192,"column":44}},"59":{"start":{"line":193,"column":21},"end":{"line":193,"column":45}},"60":{"start":{"line":194,"column":4},"end":{"line":194,"column":44}},"61":{"start":{"line":198,"column":29},"end":{"line":198,"column":81}},"62":{"start":{"line":199,"column":4},"end":{"line":208,"column":5}},"63":{"start":{"line":200,"column":23},"end":{"line":200,"column":42}},"64":{"start":{"line":201,"column":6},"end":{"line":207,"column":7}},"65":{"start":{"line":202,"column":8},"end":{"line":206,"column":9}},"66":{"start":{"line":203,"column":10},"end":{"line":203,"column":29}},"67":{"start":{"line":205,"column":10},"end":{"line":205,"column":79}},"68":{"start":{"line":210,"column":4},"end":{"line":210,"column":16}},"69":{"start":{"line":214,"column":21},"end":{"line":214,"column":56}},"70":{"start":{"line":215,"column":20},"end":{"line":215,"column":35}},"71":{"start":{"line":217,"column":4},"end":{"line":219,"column":5}},"72":{"start":{"line":218,"column":6},"end":{"line":218,"column":18}},"73":{"start":{"line":221,"column":4},"end":{"line":223,"column":5}},"74":{"start":{"line":222,"column":6},"end":{"line":222,"column":25}},"75":{"start":{"line":225,"column":4},"end":{"line":225,"column":73}},"76":{"start":{"line":229,"column":4},"end":{"line":229,"column":29}},"77":{"start":{"line":233,"column":18},"end":{"line":233,"column":47}},"78":{"start":{"line":234,"column":4},"end":{"line":240,"column":9}},"79":{"start":{"line":239,"column":8},"end":{"line":239,"column":34}},"80":{"start":{"line":244,"column":24},"end":{"line":247,"column":5}},"81":{"start":{"line":245,"column":30},"end":{"line":245,"column":83}},"82":{"start":{"line":249,"column":16},"end":{"line":253,"column":8}},"83":{"start":{"line":252,"column":8},"end":{"line":252,"column":34}},"84":{"start":{"line":255,"column":4},"end":{"line":255,"column":20}},"85":{"start":{"line":259,"column":18},"end":{"line":259,"column":44}},"86":{"start":{"line":260,"column":19},"end":{"line":260,"column":25}},"87":{"start":{"line":261,"column":19},"end":{"line":265,"column":5}},"88":{"start":{"line":266,"column":4},"end":{"line":266,"column":46}},"89":{"start":{"line":270,"column":4},"end":{"line":270,"column":25}},"90":{"start":{"line":274,"column":18},"end":{"line":274,"column":50}},"91":{"start":{"line":275,"column":19},"end":{"line":275,"column":26}},"92":{"start":{"line":276,"column":4},"end":{"line":276,"column":82}},"93":{"start":{"line":280,"column":18},"end":{"line":280,"column":59}},"94":{"start":{"line":281,"column":19},"end":{"line":281,"column":27}},"95":{"start":{"line":282,"column":4},"end":{"line":282,"column":33}},"96":{"start":{"line":286,"column":4},"end":{"line":286,"column":97}},"97":{"start":{"line":286,"column":57},"end":{"line":286,"column":95}}},"fnMap":{"0":{"name":"(anonymous_0)","decl":{"start":{"line":38,"column":14},"end":{"line":38,"column":15}},"loc":{"start":{"line":38,"column":50},"end":{"line":45,"column":1}},"line":38},"1":{"name":"normalizeResource","decl":{"start":{"line":47,"column":9},"end":{"line":47,"column":26}},"loc":{"start":{"line":47,"column":37},"end":{"line":63,"column":3}},"line":47},"2":{"name":"(anonymous_2)","decl":{"start":{"line":65,"column":22},"end":{"line":65,"column":23}},"loc":{"start":{"line":65,"column":30},"end":{"line":71,"column":1}},"line":65},"3":{"name":"(anonymous_3)","decl":{"start":{"line":73,"column":22},"end":{"line":73,"column":23}},"loc":{"start":{"line":73,"column":30},"end":{"line":73,"column":57}},"line":73},"4":{"name":"(anonymous_4)","decl":{"start":{"line":77,"column":2},"end":{"line":77,"column":3}},"loc":{"start":{"line":77,"column":24},"end":{"line":80,"column":3}},"line":77},"5":{"name":"(anonymous_5)","decl":{"start":{"line":82,"column":2},"end":{"line":82,"column":3}},"loc":{"start":{"line":82,"column":16},"end":{"line":84,"column":3}},"line":82},"6":{"name":"(anonymous_6)","decl":{"start":{"line":86,"column":2},"end":{"line":86,"column":3}},"loc":{"start":{"line":86,"column":9},"end":{"line":91,"column":3}},"line":86},"7":{"name":"(anonymous_7)","decl":{"start":{"line":93,"column":2},"end":{"line":93,"column":3}},"loc":{"start":{"line":93,"column":54},"end":{"line":95,"column":3}},"line":93},"8":{"name":"(anonymous_8)","decl":{"start":{"line":97,"column":2},"end":{"line":97,"column":3}},"loc":{"start":{"line":97,"column":30},"end":{"line":104,"column":3}},"line":97},"9":{"name":"(anonymous_9)","decl":{"start":{"line":106,"column":2},"end":{"line":106,"column":3}},"loc":{"start":{"line":106,"column":24},"end":{"line":129,"column":3}},"line":106},"10":{"name":"(anonymous_10)","decl":{"start":{"line":118,"column":28},"end":{"line":118,"column":29}},"loc":{"start":{"line":118,"column":37},"end":{"line":128,"column":5}},"line":118},"11":{"name":"(anonymous_11)","decl":{"start":{"line":131,"column":2},"end":{"line":131,"column":3}},"loc":{"start":{"line":131,"column":15},"end":{"line":157,"column":3}},"line":131},"12":{"name":"(anonymous_12)","decl":{"start":{"line":132,"column":34},"end":{"line":132,"column":35}},"loc":{"start":{"line":132,"column":46},"end":{"line":155,"column":5}},"line":132},"13":{"name":"(anonymous_13)","decl":{"start":{"line":138,"column":31},"end":{"line":138,"column":32}},"loc":{"start":{"line":138,"column":40},"end":{"line":154,"column":7}},"line":138},"14":{"name":"(anonymous_14)","decl":{"start":{"line":159,"column":2},"end":{"line":159,"column":3}},"loc":{"start":{"line":159,"column":37},"end":{"line":170,"column":3}},"line":159},"15":{"name":"(anonymous_15)","decl":{"start":{"line":165,"column":44},"end":{"line":165,"column":45}},"loc":{"start":{"line":165,"column":53},"end":{"line":165,"column":68}},"line":165},"16":{"name":"(anonymous_16)","decl":{"start":{"line":169,"column":22},"end":{"line":169,"column":23}},"loc":{"start":{"line":169,"column":30},"end":{"line":169,"column":44}},"line":169},"17":{"name":"(anonymous_17)","decl":{"start":{"line":172,"column":2},"end":{"line":172,"column":3}},"loc":{"start":{"line":172,"column":76},"end":{"line":177,"column":3}},"line":172},"18":{"name":"(anonymous_18)","decl":{"start":{"line":179,"column":2},"end":{"line":179,"column":3}},"loc":{"start":{"line":179,"column":50},"end":{"line":189,"column":3}},"line":179},"19":{"name":"(anonymous_19)","decl":{"start":{"line":191,"column":2},"end":{"line":191,"column":3}},"loc":{"start":{"line":191,"column":33},"end":{"line":195,"column":3}},"line":191},"20":{"name":"(anonymous_20)","decl":{"start":{"line":197,"column":2},"end":{"line":197,"column":3}},"loc":{"start":{"line":197,"column":51},"end":{"line":211,"column":3}},"line":197},"21":{"name":"(anonymous_21)","decl":{"start":{"line":213,"column":2},"end":{"line":213,"column":3}},"loc":{"start":{"line":213,"column":36},"end":{"line":226,"column":3}},"line":213},"22":{"name":"(anonymous_22)","decl":{"start":{"line":228,"column":2},"end":{"line":228,"column":3}},"loc":{"start":{"line":228,"column":50},"end":{"line":230,"column":3}},"line":228},"23":{"name":"(anonymous_23)","decl":{"start":{"line":232,"column":2},"end":{"line":232,"column":3}},"loc":{"start":{"line":232,"column":67},"end":{"line":241,"column":3}},"line":232},"24":{"name":"(anonymous_24)","decl":{"start":{"line":238,"column":21},"end":{"line":238,"column":22}},"loc":{"start":{"line":238,"column":30},"end":{"line":240,"column":7}},"line":238},"25":{"name":"(anonymous_25)","decl":{"start":{"line":243,"column":2},"end":{"line":243,"column":3}},"loc":{"start":{"line":243,"column":65},"end":{"line":256,"column":3}},"line":243},"26":{"name":"(anonymous_26)","decl":{"start":{"line":245,"column":6},"end":{"line":245,"column":7}},"loc":{"start":{"line":245,"column":30},"end":{"line":245,"column":83}},"line":245},"27":{"name":"(anonymous_27)","decl":{"start":{"line":251,"column":21},"end":{"line":251,"column":22}},"loc":{"start":{"line":251,"column":30},"end":{"line":253,"column":7}},"line":251},"28":{"name":"(anonymous_28)","decl":{"start":{"line":258,"column":2},"end":{"line":258,"column":3}},"loc":{"start":{"line":258,"column":52},"end":{"line":267,"column":3}},"line":258},"29":{"name":"(anonymous_29)","decl":{"start":{"line":269,"column":2},"end":{"line":269,"column":3}},"loc":{"start":{"line":269,"column":40},"end":{"line":271,"column":3}},"line":269},"30":{"name":"(anonymous_30)","decl":{"start":{"line":273,"column":2},"end":{"line":273,"column":3}},"loc":{"start":{"line":273,"column":45},"end":{"line":277,"column":3}},"line":273},"31":{"name":"(anonymous_31)","decl":{"start":{"line":279,"column":2},"end":{"line":279,"column":3}},"loc":{"start":{"line":279,"column":42},"end":{"line":283,"column":3}},"line":279},"32":{"name":"(anonymous_32)","decl":{"start":{"line":285,"column":2},"end":{"line":285,"column":3}},"loc":{"start":{"line":285,"column":52},"end":{"line":287,"column":3}},"line":285},"33":{"name":"(anonymous_33)","decl":{"start":{"line":286,"column":45},"end":{"line":286,"column":46}},"loc":{"start":{"line":286,"column":57},"end":{"line":286,"column":95}},"line":286}},"branchMap":{"0":{"loc":{"start":{"line":39,"column":2},"end":{"line":41,"column":3}},"type":"if","locations":[{"start":{"line":39,"column":2},"end":{"line":41,"column":3}},{"start":{"line":39,"column":2},"end":{"line":41,"column":3}}],"line":39},"1":{"loc":{"start":{"line":48,"column":4},"end":{"line":62,"column":5}},"type":"if","locations":[{"start":{"line":48,"column":4},"end":{"line":62,"column":5}},{"start":{"line":48,"column":4},"end":{"line":62,"column":5}}],"line":48},"2":{"loc":{"start":{"line":57,"column":18},"end":{"line":57,"column":62}},"type":"cond-expr","locations":[{"start":{"line":57,"column":38},"end":{"line":57,"column":55}},{"start":{"line":57,"column":58},"end":{"line":57,"column":62}}],"line":57},"3":{"loc":{"start":{"line":58,"column":19},"end":{"line":58,"column":65}},"type":"cond-expr","locations":[{"start":{"line":58,"column":40},"end":{"line":58,"column":58}},{"start":{"line":58,"column":61},"end":{"line":58,"column":65}}],"line":58},"4":{"loc":{"start":{"line":67,"column":2},"end":{"line":69,"column":3}},"type":"if","locations":[{"start":{"line":67,"column":2},"end":{"line":69,"column":3}},{"start":{"line":67,"column":2},"end":{"line":69,"column":3}}],"line":67},"5":{"loc":{"start":{"line":94,"column":11},"end":{"line":94,"column":38}},"type":"binary-expr","locations":[{"start":{"line":94,"column":11},"end":{"line":94,"column":32}},{"start":{"line":94,"column":36},"end":{"line":94,"column":38}}],"line":94},"6":{"loc":{"start":{"line":100,"column":4},"end":{"line":102,"column":5}},"type":"if","locations":[{"start":{"line":100,"column":4},"end":{"line":102,"column":5}},{"start":{"line":100,"column":4},"end":{"line":102,"column":5}}],"line":100},"7":{"loc":{"start":{"line":107,"column":4},"end":{"line":109,"column":5}},"type":"if","locations":[{"start":{"line":107,"column":4},"end":{"line":109,"column":5}},{"start":{"line":107,"column":4},"end":{"line":109,"column":5}}],"line":107},"8":{"loc":{"start":{"line":119,"column":20},"end":{"line":119,"column":76}},"type":"cond-expr","locations":[{"start":{"line":119,"column":42},"end":{"line":119,"column":57}},{"start":{"line":119,"column":60},"end":{"line":119,"column":76}}],"line":119},"9":{"loc":{"start":{"line":120,"column":19},"end":{"line":120,"column":74}},"type":"cond-expr","locations":[{"start":{"line":120,"column":41},"end":{"line":120,"column":45}},{"start":{"line":120,"column":48},"end":{"line":120,"column":74}}],"line":120},"10":{"loc":{"start":{"line":122,"column":20},"end":{"line":122,"column":75}},"type":"cond-expr","locations":[{"start":{"line":122,"column":42},"end":{"line":122,"column":46}},{"start":{"line":122,"column":49},"end":{"line":122,"column":75}}],"line":122},"11":{"loc":{"start":{"line":124,"column":12},"end":{"line":124,"column":48}},"type":"cond-expr","locations":[{"start":{"line":124,"column":34},"end":{"line":124,"column":39}},{"start":{"line":124,"column":42},"end":{"line":124,"column":48}}],"line":124},"12":{"loc":{"start":{"line":125,"column":12},"end":{"line":125,"column":50}},"type":"cond-expr","locations":[{"start":{"line":125,"column":34},"end":{"line":125,"column":38}},{"start":{"line":125,"column":41},"end":{"line":125,"column":50}}],"line":125},"13":{"loc":{"start":{"line":160,"column":4},"end":{"line":162,"column":5}},"type":"if","locations":[{"start":{"line":160,"column":4},"end":{"line":162,"column":5}},{"start":{"line":160,"column":4},"end":{"line":162,"column":5}}],"line":160},"14":{"loc":{"start":{"line":164,"column":4},"end":{"line":166,"column":5}},"type":"if","locations":[{"start":{"line":164,"column":4},"end":{"line":166,"column":5}},{"start":{"line":164,"column":4},"end":{"line":166,"column":5}}],"line":164},"15":{"loc":{"start":{"line":164,"column":9},"end":{"line":164,"column":30}},"type":"binary-expr","locations":[{"start":{"line":164,"column":9},"end":{"line":164,"column":24}},{"start":{"line":164,"column":28},"end":{"line":164,"column":30}}],"line":164},"16":{"loc":{"start":{"line":172,"column":34},"end":{"line":172,"column":49}},"type":"default-arg","locations":[{"start":{"line":172,"column":43},"end":{"line":172,"column":49}}],"line":172},"17":{"loc":{"start":{"line":172,"column":51},"end":{"line":172,"column":72}},"type":"default-arg","locations":[{"start":{"line":172,"column":67},"end":{"line":172,"column":72}}],"line":172},"18":{"loc":{"start":{"line":173,"column":4},"end":{"line":175,"column":5}},"type":"if","locations":[{"start":{"line":173,"column":4},"end":{"line":175,"column":5}},{"start":{"line":173,"column":4},"end":{"line":175,"column":5}}],"line":173},"19":{"loc":{"start":{"line":179,"column":37},"end":{"line":179,"column":48}},"type":"default-arg","locations":[{"start":{"line":179,"column":46},"end":{"line":179,"column":48}}],"line":179},"20":{"loc":{"start":{"line":180,"column":4},"end":{"line":182,"column":5}},"type":"if","locations":[{"start":{"line":180,"column":4},"end":{"line":182,"column":5}},{"start":{"line":180,"column":4},"end":{"line":182,"column":5}}],"line":180},"21":{"loc":{"start":{"line":185,"column":4},"end":{"line":187,"column":5}},"type":"if","locations":[{"start":{"line":185,"column":4},"end":{"line":187,"column":5}},{"start":{"line":185,"column":4},"end":{"line":187,"column":5}}],"line":185},"22":{"loc":{"start":{"line":185,"column":8},"end":{"line":185,"column":38}},"type":"binary-expr","locations":[{"start":{"line":185,"column":8},"end":{"line":185,"column":16}},{"start":{"line":185,"column":20},"end":{"line":185,"column":38}}],"line":185},"23":{"loc":{"start":{"line":201,"column":6},"end":{"line":207,"column":7}},"type":"if","locations":[{"start":{"line":201,"column":6},"end":{"line":207,"column":7}},{"start":{"line":201,"column":6},"end":{"line":207,"column":7}}],"line":201},"24":{"loc":{"start":{"line":202,"column":8},"end":{"line":206,"column":9}},"type":"if","locations":[{"start":{"line":202,"column":8},"end":{"line":206,"column":9}},{"start":{"line":202,"column":8},"end":{"line":206,"column":9}}],"line":202},"25":{"loc":{"start":{"line":217,"column":4},"end":{"line":219,"column":5}},"type":"if","locations":[{"start":{"line":217,"column":4},"end":{"line":219,"column":5}},{"start":{"line":217,"column":4},"end":{"line":219,"column":5}}],"line":217},"26":{"loc":{"start":{"line":217,"column":8},"end":{"line":217,"column":73}},"type":"binary-expr","locations":[{"start":{"line":217,"column":8},"end":{"line":217,"column":28}},{"start":{"line":217,"column":32},"end":{"line":217,"column":52}},{"start":{"line":217,"column":56},"end":{"line":217,"column":73}}],"line":217},"27":{"loc":{"start":{"line":221,"column":4},"end":{"line":223,"column":5}},"type":"if","locations":[{"start":{"line":221,"column":4},"end":{"line":223,"column":5}},{"start":{"line":221,"column":4},"end":{"line":223,"column":5}}],"line":221},"28":{"loc":{"start":{"line":221,"column":8},"end":{"line":221,"column":49}},"type":"binary-expr","locations":[{"start":{"line":221,"column":8},"end":{"line":221,"column":28}},{"start":{"line":221,"column":32},"end":{"line":221,"column":49}}],"line":221},"29":{"loc":{"start":{"line":245,"column":37},"end":{"line":245,"column":57}},"type":"cond-expr","locations":[{"start":{"line":245,"column":49},"end":{"line":245,"column":51}},{"start":{"line":245,"column":54},"end":{"line":245,"column":57}}],"line":245}},"s":{"0":0,"1":0,"2":0,"3":0,"4":0,"5":0,"6":0,"7":0,"8":0,"9":0,"10":0,"11":0,"12":0,"13":0,"14":0,"15":0,"16":0,"17":0,"18":0,"19":0,"20":0,"21":0,"22":0,"23":0,"24":0,"25":0,"26":0,"27":0,"28":0,"29":0,"30":0,"31":0,"32":0,"33":0,"34":0,"35":0,"36":0,"37":0,"38":0,"39":0,"40":0,"41":0,"42":0,"43":0,"44":0,"45":0,"46":0,"47":0,"48":0,"49":0,"50":0,"51":0,"52":0,"53":0,"54":0,"55":0,"56":0,"57":0,"58":0,"59":0,"60":0,"61":0,"62":0,"63":0,"64":0,"65":0,"66":0,"67":0,"68":0,"69":0,"70":0,"71":0,"72":0,"73":0,"74":0,"75":0,"76":0,"77":0,"78":0,"79":0,"80":0,"81":0,"82":0,"83":0,"84":0,"85":0,"86":0,"87":0,"88":0,"89":0,"90":0,"91":0,"92":0,"93":0,"94":0,"95":0,"96":0,"97":0},"f":{"0":0,"1":0,"2":0,"3":0,"4":0,"5":0,"6":0,"7":0,"8":0,"9":0,"10":0,"11":0,"12":0,"13":0,"14":0,"15":0,"16":0,"17":0,"18":0,"19":0,"20":0,"21":0,"22":0,"23":0,"24":0,"25":0,"26":0,"27":0,"28":0,"29":0,"30":0,"31":0,"32":0,"33":0},"b":{"0":[0,0],"1":[0,0],"2":[0,0],"3":[0,0],"4":[0,0],"5":[0,0],"6":[0,0],"7":[0,0],"8":[0,0],"9":[0,0],"10":[0,0],"11":[0,0],"12":[0,0],"13":[0,0],"14":[0,0],"15":[0,0],"16":[0],"17":[0],"18":[0,0],"19":[0],"20":[0,0],"21":[0,0],"22":[0,0],"23":[0,0],"24":[0,0],"25":[0,0],"26":[0,0,0],"27":[0,0],"28":[0,0],"29":[0,0]}},"c:\\Users\\janoka\\funWorkspace\\CloudDoorUi\\cloud-door-ui\\src\\components\\devices\\files\\OperationClient.js":{"path":"c:\\Users\\janoka\\funWorkspace\\CloudDoorUi\\cloud-door-ui\\src\\components\\devices\\files\\OperationClient.js","statementMap":{"0":{"start":{"line":4,"column":8},"end":{"line":4,"column":33}},"1":{"start":{"line":8,"column":8},"end":{"line":14,"column":37}},"2":{"start":{"line":14,"column":25},"end":{"line":14,"column":35}}},"fnMap":{"0":{"name":"(anonymous_0)","decl":{"start":{"line":3,"column":4},"end":{"line":3,"column":5}},"loc":{"start":{"line":3,"column":26},"end":{"line":5,"column":5}},"line":3},"1":{"name":"(anonymous_1)","decl":{"start":{"line":7,"column":4},"end":{"line":7,"column":5}},"loc":{"start":{"line":7,"column":21},"end":{"line":15,"column":5}},"line":7},"2":{"name":"(anonymous_2)","decl":{"start":{"line":14,"column":18},"end":{"line":14,"column":19}},"loc":{"start":{"line":14,"column":25},"end":{"line":14,"column":35}},"line":14}},"branchMap":{},"s":{"0":0,"1":0,"2":0},"f":{"0":0,"1":0,"2":0},"b":{}},"c:\\Users\\janoka\\funWorkspace\\CloudDoorUi\\cloud-door-ui\\src\\components\\layout\\MainNavbar\\MainNavbar.js":{"path":"c:\\Users\\janoka\\funWorkspace\\CloudDoorUi\\cloud-door-ui\\src\\components\\layout\\MainNavbar\\MainNavbar.js","statementMap":{"0":{"start":{"line":10,"column":19},"end":{"line":28,"column":1}},"1":{"start":{"line":11,"column":18},"end":{"line":15,"column":3}},"2":{"start":{"line":17,"column":2},"end":{"line":27,"column":4}},"3":{"start":{"line":30,"column":0},"end":{"line":39,"column":2}},"4":{"start":{"line":41,"column":0},"end":{"line":43,"column":2}}},"fnMap":{"0":{"name":"(anonymous_0)","decl":{"start":{"line":10,"column":19},"end":{"line":10,"column":20}},"loc":{"start":{"line":10,"column":46},"end":{"line":28,"column":1}},"line":10}},"branchMap":{"0":{"loc":{"start":{"line":14,"column":4},"end":{"line":14,"column":29}},"type":"binary-expr","locations":[{"start":{"line":14,"column":4},"end":{"line":14,"column":13}},{"start":{"line":14,"column":17},"end":{"line":14,"column":29}}],"line":14}},"s":{"0":0,"1":0,"2":0,"3":0,"4":0},"f":{"0":0},"b":{"0":[0,0]}},"c:\\Users\\janoka\\funWorkspace\\CloudDoorUi\\cloud-door-ui\\src\\components\\layout\\MainNavbar\\NavbarNav\\NavbarNav.js":{"path":"c:\\Users\\janoka\\funWorkspace\\CloudDoorUi\\cloud-door-ui\\src\\components\\layout\\MainNavbar\\NavbarNav\\NavbarNav.js","statementMap":{"0":{"start":{"line":8,"column":2},"end":{"line":11,"column":8}}},"fnMap":{"0":{"name":"(anonymous_0)","decl":{"start":{"line":7,"column":15},"end":{"line":7,"column":16}},"loc":{"start":{"line":8,"column":2},"end":{"line":11,"column":8}},"line":8}},"branchMap":{},"s":{"0":0},"f":{"0":0},"b":{}},"c:\\Users\\janoka\\funWorkspace\\CloudDoorUi\\cloud-door-ui\\src\\components\\layout\\MainNavbar\\NavbarNav\\Notifications.js":{"path":"c:\\Users\\janoka\\funWorkspace\\CloudDoorUi\\cloud-door-ui\\src\\components\\layout\\MainNavbar\\NavbarNav\\Notifications.js","statementMap":{"0":{"start":{"line":6,"column":4},"end":{"line":6,"column":17}},"1":{"start":{"line":8,"column":4},"end":{"line":10,"column":6}},"2":{"start":{"line":12,"column":4},"end":{"line":12,"column":67}},"3":{"start":{"line":16,"column":4},"end":{"line":18,"column":7}},"4":{"start":{"line":22,"column":4},"end":{"line":74,"column":6}}},"fnMap":{"0":{"name":"(anonymous_0)","decl":{"start":{"line":5,"column":2},"end":{"line":5,"column":3}},"loc":{"start":{"line":5,"column":21},"end":{"line":13,"column":3}},"line":5},"1":{"name":"(anonymous_1)","decl":{"start":{"line":15,"column":2},"end":{"line":15,"column":3}},"loc":{"start":{"line":15,"column":24},"end":{"line":19,"column":3}},"line":15},"2":{"name":"(anonymous_2)","decl":{"start":{"line":21,"column":2},"end":{"line":21,"column":3}},"loc":{"start":{"line":21,"column":11},"end":{"line":75,"column":3}},"line":21}},"branchMap":{},"s":{"0":0,"1":0,"2":0,"3":0,"4":0},"f":{"0":0,"1":0,"2":0},"b":{}},"c:\\Users\\janoka\\funWorkspace\\CloudDoorUi\\cloud-door-ui\\src\\components\\layout\\MainNavbar\\NavbarNav\\UserActions.js":{"path":"c:\\Users\\janoka\\funWorkspace\\CloudDoorUi\\cloud-door-ui\\src\\components\\layout\\MainNavbar\\NavbarNav\\UserActions.js","statementMap":{"0":{"start":{"line":15,"column":4},"end":{"line":15,"column":17}},"1":{"start":{"line":17,"column":4},"end":{"line":19,"column":6}},"2":{"start":{"line":21,"column":4},"end":{"line":21,"column":63}},"3":{"start":{"line":25,"column":4},"end":{"line":27,"column":7}},"4":{"start":{"line":31,"column":4},"end":{"line":48,"column":6}}},"fnMap":{"0":{"name":"(anonymous_0)","decl":{"start":{"line":14,"column":2},"end":{"line":14,"column":3}},"loc":{"start":{"line":14,"column":21},"end":{"line":22,"column":3}},"line":14},"1":{"name":"(anonymous_1)","decl":{"start":{"line":24,"column":2},"end":{"line":24,"column":3}},"loc":{"start":{"line":24,"column":22},"end":{"line":28,"column":3}},"line":24},"2":{"name":"(anonymous_2)","decl":{"start":{"line":30,"column":2},"end":{"line":30,"column":3}},"loc":{"start":{"line":30,"column":11},"end":{"line":49,"column":3}},"line":30}},"branchMap":{},"s":{"0":0,"1":0,"2":0,"3":0,"4":0},"f":{"0":0,"1":0,"2":0},"b":{}},"c:\\Users\\janoka\\funWorkspace\\CloudDoorUi\\cloud-door-ui\\src\\components\\layout\\MainNavbar\\NavbarSearch.js":{"path":"c:\\Users\\janoka\\funWorkspace\\CloudDoorUi\\cloud-door-ui\\src\\components\\layout\\MainNavbar\\NavbarSearch.js","statementMap":{"0":{"start":{"line":11,"column":2},"end":{"line":23,"column":9}}},"fnMap":{"0":{"name":"(anonymous_0)","decl":{"start":{"line":10,"column":15},"end":{"line":10,"column":16}},"loc":{"start":{"line":11,"column":2},"end":{"line":23,"column":9}},"line":11}},"branchMap":{},"s":{"0":0},"f":{"0":0},"b":{}},"c:\\Users\\janoka\\funWorkspace\\CloudDoorUi\\cloud-door-ui\\src\\components\\layout\\MainNavbar\\NavbarToggle.js":{"path":"c:\\Users\\janoka\\funWorkspace\\CloudDoorUi\\cloud-door-ui\\src\\components\\layout\\MainNavbar\\NavbarToggle.js","statementMap":{"0":{"start":{"line":7,"column":4},"end":{"line":7,"column":17}},"1":{"start":{"line":9,"column":4},"end":{"line":9,"column":51}},"2":{"start":{"line":13,"column":4},"end":{"line":15,"column":7}},"3":{"start":{"line":19,"column":4},"end":{"line":26,"column":5}}},"fnMap":{"0":{"name":"(anonymous_0)","decl":{"start":{"line":6,"column":2},"end":{"line":6,"column":3}},"loc":{"start":{"line":6,"column":21},"end":{"line":10,"column":3}},"line":6},"1":{"name":"(anonymous_1)","decl":{"start":{"line":12,"column":2},"end":{"line":12,"column":3}},"loc":{"start":{"line":12,"column":16},"end":{"line":16,"column":3}},"line":12},"2":{"name":"(anonymous_2)","decl":{"start":{"line":18,"column":2},"end":{"line":18,"column":3}},"loc":{"start":{"line":18,"column":11},"end":{"line":27,"column":3}},"line":18}},"branchMap":{},"s":{"0":0,"1":0,"2":0,"3":0},"f":{"0":0,"1":0,"2":0},"b":{}},"c:\\Users\\janoka\\funWorkspace\\CloudDoorUi\\cloud-door-ui\\src\\components\\layout\\MainSidebar\\MainSidebar.js":{"path":"c:\\Users\\janoka\\funWorkspace\\CloudDoorUi\\cloud-door-ui\\src\\components\\layout\\MainSidebar\\MainSidebar.js","statementMap":{"0":{"start":{"line":14,"column":4},"end":{"line":14,"column":17}},"1":{"start":{"line":16,"column":4},"end":{"line":19,"column":6}},"2":{"start":{"line":21,"column":4},"end":{"line":21,"column":45}},"3":{"start":{"line":25,"column":4},"end":{"line":25,"column":43}},"4":{"start":{"line":29,"column":4},"end":{"line":29,"column":46}},"5":{"start":{"line":33,"column":4},"end":{"line":37,"column":7}},"6":{"start":{"line":41,"column":20},"end":{"line":46,"column":5}},"7":{"start":{"line":48,"column":4},"end":{"line":59,"column":6}},"8":{"start":{"line":63,"column":0},"end":{"line":68,"column":2}},"9":{"start":{"line":70,"column":0},"end":{"line":72,"column":2}}},"fnMap":{"0":{"name":"(anonymous_0)","decl":{"start":{"line":13,"column":2},"end":{"line":13,"column":3}},"loc":{"start":{"line":13,"column":21},"end":{"line":22,"column":3}},"line":13},"1":{"name":"(anonymous_1)","decl":{"start":{"line":24,"column":2},"end":{"line":24,"column":3}},"loc":{"start":{"line":24,"column":23},"end":{"line":26,"column":3}},"line":24},"2":{"name":"(anonymous_2)","decl":{"start":{"line":28,"column":2},"end":{"line":28,"column":3}},"loc":{"start":{"line":28,"column":25},"end":{"line":30,"column":3}},"line":28},"3":{"name":"(anonymous_3)","decl":{"start":{"line":32,"column":2},"end":{"line":32,"column":3}},"loc":{"start":{"line":32,"column":13},"end":{"line":38,"column":3}},"line":32},"4":{"name":"(anonymous_4)","decl":{"start":{"line":40,"column":2},"end":{"line":40,"column":3}},"loc":{"start":{"line":40,"column":11},"end":{"line":60,"column":3}},"line":40}},"branchMap":{"0":{"loc":{"start":{"line":45,"column":6},"end":{"line":45,"column":38}},"type":"binary-expr","locations":[{"start":{"line":45,"column":6},"end":{"line":45,"column":28}},{"start":{"line":45,"column":32},"end":{"line":45,"column":38}}],"line":45}},"s":{"0":0,"1":0,"2":0,"3":0,"4":0,"5":0,"6":0,"7":0,"8":0,"9":0},"f":{"0":0,"1":0,"2":0,"3":0,"4":0},"b":{"0":[0,0]}},"c:\\Users\\janoka\\funWorkspace\\CloudDoorUi\\cloud-door-ui\\src\\components\\layout\\MainSidebar\\SidebarMainNavbar.js":{"path":"c:\\Users\\janoka\\funWorkspace\\CloudDoorUi\\cloud-door-ui\\src\\components\\layout\\MainSidebar\\SidebarMainNavbar.js","statementMap":{"0":{"start":{"line":9,"column":4},"end":{"line":9,"column":17}},"1":{"start":{"line":11,"column":4},"end":{"line":11,"column":67}},"2":{"start":{"line":15,"column":4},"end":{"line":17,"column":7}},"3":{"start":{"line":21,"column":29},"end":{"line":21,"column":39}},"4":{"start":{"line":22,"column":4},"end":{"line":57,"column":6}},"5":{"start":{"line":61,"column":0},"end":{"line":66,"column":2}},"6":{"start":{"line":68,"column":0},"end":{"line":70,"column":2}}},"fnMap":{"0":{"name":"(anonymous_0)","decl":{"start":{"line":8,"column":2},"end":{"line":8,"column":3}},"loc":{"start":{"line":8,"column":21},"end":{"line":12,"column":3}},"line":8},"1":{"name":"(anonymous_1)","decl":{"start":{"line":14,"column":2},"end":{"line":14,"column":3}},"loc":{"start":{"line":14,"column":24},"end":{"line":18,"column":3}},"line":14},"2":{"name":"(anonymous_2)","decl":{"start":{"line":20,"column":2},"end":{"line":20,"column":3}},"loc":{"start":{"line":20,"column":11},"end":{"line":58,"column":3}},"line":20}},"branchMap":{"0":{"loc":{"start":{"line":41,"column":15},"end":{"line":45,"column":15}},"type":"binary-expr","locations":[{"start":{"line":41,"column":15},"end":{"line":41,"column":28}},{"start":{"line":42,"column":16},"end":{"line":44,"column":23}}],"line":41}},"s":{"0":0,"1":0,"2":0,"3":0,"4":0,"5":0,"6":0},"f":{"0":0,"1":0,"2":0},"b":{"0":[0,0]}},"c:\\Users\\janoka\\funWorkspace\\CloudDoorUi\\cloud-door-ui\\src\\components\\layout\\MainSidebar\\SidebarNavItem.js":{"path":"c:\\Users\\janoka\\funWorkspace\\CloudDoorUi\\cloud-door-ui\\src\\components\\layout\\MainSidebar\\SidebarNavItem.js","statementMap":{"0":{"start":{"line":6,"column":23},"end":{"line":24,"column":1}},"1":{"start":{"line":7,"column":2},"end":{"line":23,"column":12}},"2":{"start":{"line":26,"column":0},"end":{"line":31,"column":2}}},"fnMap":{"0":{"name":"(anonymous_0)","decl":{"start":{"line":6,"column":23},"end":{"line":6,"column":24}},"loc":{"start":{"line":7,"column":2},"end":{"line":23,"column":12}},"line":7}},"branchMap":{"0":{"loc":{"start":{"line":9,"column":7},"end":{"line":14,"column":7}},"type":"binary-expr","locations":[{"start":{"line":9,"column":7},"end":{"line":9,"column":22}},{"start":{"line":10,"column":8},"end":{"line":13,"column":10}}],"line":9},"1":{"loc":{"start":{"line":15,"column":7},"end":{"line":15,"column":46}},"type":"binary-expr","locations":[{"start":{"line":15,"column":7},"end":{"line":15,"column":17}},{"start":{"line":15,"column":21},"end":{"line":15,"column":46}}],"line":15},"2":{"loc":{"start":{"line":16,"column":7},"end":{"line":21,"column":7}},"type":"binary-expr","locations":[{"start":{"line":16,"column":7},"end":{"line":16,"column":21}},{"start":{"line":17,"column":8},"end":{"line":20,"column":10}}],"line":16}},"s":{"0":0,"1":0,"2":0},"f":{"0":0},"b":{"0":[0,0],"1":[0,0]
[...]
":{"line":9,"column":13}},"2":{"start":{"line":12,"column":0},"end":{"line":14,"column":1}},"3":{"start":{"line":13,"column":2},"end":{"line":13,"column":99}},"4":{"start":{"line":16,"column":0},"end":{"line":16,"column":81}},"5":{"start":{"line":18,"column":0},"end":{"line":22,"column":3}},"6":{"start":{"line":20,"column":4},"end":{"line":20,"column":51}},"7":{"start":{"line":27,"column":0},"end":{"line":27,"column":50}},"8":{"start":{"line":28,"column":0},"end":{"line":49,"column":3}},"9":{"start":{"line":30,"column":4},"end":{"line":30,"column":59}},"10":{"start":{"line":31,"column":4},"end":{"line":47,"column":5}},"11":{"start":{"line":32,"column":24},"end":{"line":32,"column":53}},"12":{"start":{"line":33,"column":16},"end":{"line":33,"column":30}},"13":{"start":{"line":34,"column":14},"end":{"line":34,"column":45}},"14":{"start":{"line":35,"column":17},"end":{"line":35,"column":50}},"15":{"start":{"line":36,"column":20},"end":{"line":36,"column":56}},"16":{"start":{"line":39,"column":6},"end":{"line":39,"column":17}},"17":{"start":{"line":40,"column":6},"end":{"line":40,"column":22}},"18":{"start":{"line":41,"column":6},"end":{"line":41,"column":26}},"19":{"start":{"line":42,"column":6},"end":{"line":42,"column":29}},"20":{"start":{"line":43,"column":6},"end":{"line":43,"column":26}},"21":{"start":{"line":44,"column":6},"end":{"line":44,"column":31}},"22":{"start":{"line":45,"column":6},"end":{"line":45,"column":19}},"23":{"start":{"line":46,"column":6},"end":{"line":46,"column":20}},"24":{"start":{"line":51,"column":0},"end":{"line":77,"column":3}},"25":{"start":{"line":57,"column":20},"end":{"line":60,"column":3}},"26":{"start":{"line":63,"column":2},"end":{"line":65,"column":5}},"27":{"start":{"line":64,"column":4},"end":{"line":64,"column":83}},"28":{"start":{"line":67,"column":2},"end":{"line":69,"column":5}},"29":{"start":{"line":68,"column":4},"end":{"line":68,"column":81}},"30":{"start":{"line":74,"column":2},"end":{"line":76,"column":5}},"31":{"start":{"line":75,"column":4},"end":{"line":75,"column":43}}},"fnMap":{"0":{"name":"(anonymous_0)","decl":{"start":{"line":6,"column":1},"end":{"line":6,"column":2}},"loc":{"start":{"line":6,"column":28},"end":{"line":10,"column":1}},"line":6},"1":{"name":"(anonymous_1)","decl":{"start":{"line":10,"column":9},"end":{"line":10,"column":10}},"loc":{"start":{"line":10,"column":21},"end":{"line":79,"column":1}},"line":10},"2":{"name":"easeOutSine","decl":{"start":{"line":19,"column":24},"end":{"line":19,"column":35}},"loc":{"start":{"line":19,"column":51},"end":{"line":21,"column":3}},"line":19},"3":{"name":"draw","decl":{"start":{"line":29,"column":17},"end":{"line":29,"column":21}},"loc":{"start":{"line":29,"column":28},"end":{"line":48,"column":3}},"line":29},"4":{"name":"(anonymous_4)","decl":{"start":{"line":51,"column":18},"end":{"line":51,"column":19}},"loc":{"start":{"line":51,"column":30},"end":{"line":77,"column":1}},"line":51},"5":{"name":"(anonymous_5)","decl":{"start":{"line":63,"column":72},"end":{"line":63,"column":73}},"loc":{"start":{"line":63,"column":84},"end":{"line":65,"column":3}},"line":63},"6":{"name":"(anonymous_6)","decl":{"start":{"line":67,"column":72},"end":{"line":67,"column":73}},"loc":{"start":{"line":67,"column":84},"end":{"line":69,"column":3}},"line":67},"7":{"name":"(anonymous_7)","decl":{"start":{"line":74,"column":29},"end":{"line":74,"column":30}},"loc":{"start":{"line":74,"column":42},"end":{"line":76,"column":3}},"line":74}},"branchMap":{"0":{"loc":{"start":{"line":7,"column":1},"end":{"line":9,"column":12}},"type":"cond-expr","locations":[{"start":{"line":7,"column":64},"end":{"line":7,"column":73}},{"start":{"line":8,"column":1},"end":{"line":9,"column":12}}],"line":7},"1":{"loc":{"start":{"line":7,"column":1},"end":{"line":7,"column":61}},"type":"binary-expr","locations":[{"start":{"line":7,"column":1},"end":{"line":7,"column":28}},{"start":{"line":7,"column":32},"end":{"line":7,"column":61}}],"line":7},"2":{"loc":{"start":{"line":8,"column":1},"end":{"line":9,"column":12}},"type":"cond-expr","locations":[{"start":{"line":8,"column":46},"end":{"line":8,"column":61}},{"start":{"line":9,"column":2},"end":{"line":9,"column":11}}],"line":8},"3":{"loc":{"start":{"line":8,"column":1},"end":{"line":8,"column":43}},"type":"binary-expr","locations":[{"start":{"line":8,"column":1},"end":{"line":8,"column":29}},{"start":{"line":8,"column":33},"end":{"line":8,"column":43}}],"line":8},"4":{"loc":{"start":{"line":12,"column":0},"end":{"line":14,"column":1}},"type":"if","locations":[{"start":{"line":12,"column":0},"end":{"line":14,"column":1}},{"start":{"line":12,"column":0},"end":{"line":14,"column":1}}],"line":12},"5":{"loc":{"start":{"line":16,"column":26},"end":{"line":16,"column":80}},"type":"cond-expr","locations":[{"start":{"line":16,"column":52},"end":{"line":16,"column":75}},{"start":{"line":16,"column":78},"end":{"line":16,"column":80}}],"line":16},"6":{"loc":{"start":{"line":31,"column":4},"end":{"line":47,"column":5}},"type":"if","locations":[{"start":{"line":31,"column":4},"end":{"line":47,"column":5}},{"start":{"line":31,"column":4},"end":{"line":47,"column":5}}],"line":31},"7":{"loc":{"start":{"line":31,"column":8},"end":{"line":31,"column":71}},"type":"binary-expr","locations":[{"start":{"line":31,"column":8},"end":{"line":31,"column":34}},{"start":{"line":31,"column":38},"end":{"line":31,"column":71}}],"line":31}},"s":{"0":0,"1":0,"2":0,"3":0,"4":0,"5":0,"6":0,"7":0,"8":0,"9":0,"10":0,"11":0,"12":0,"13":0,"14":0,"15":0,"16":0,"17":0,"18":0,"19":0,"20":0,"21":0,"22":0,"23":0,"24":0,"25":0,"26":0,"27":0,"28":0,"29":0,"30":0,"31":0},"f":{"0":0,"1":0,"2":0,"3":0,"4":0,"5":0,"6":0,"7":0},"b":{"0":[0,0],"1":[0,0],"2":[0,0],"3":[0,0],"4":[0,0],"5":[0,0],"6":[0,0],"7":[0,0]}},"c:\\Users\\janoka\\funWorkspace\\CloudDoorUi\\cloud-door-ui\\src\\shards-dashboard\\scripts\\shards-dashboards.1.1.0.min.js":{"path":"c:\\Users\\janoka\\funWorkspace\\CloudDoorUi\\cloud-door-ui\\src\\shards-dashboard\\scripts\\shards-dashboards.1.1.0.min.js","statementMap":{"0":{"start":{"line":1,"column":0},"end":{"line":1,"column":1398}},"1":{"start":{"line":1,"column":15},"end":{"line":1,"column":123}},"2":{"start":{"line":1,"column":151},"end":{"line":1,"column":277}},"3":{"start":{"line":1,"column":180},"end":{"line":1,"column":277}},"4":{"start":{"line":1,"column":277},"end":{"line":1,"column":1395}},"5":{"start":{"line":1,"column":403},"end":{"line":1,"column":439}},"6":{"start":{"line":1,"column":570},"end":{"line":1,"column":949}},"7":{"start":{"line":1,"column":693},"end":{"line":1,"column":722}},"8":{"start":{"line":1,"column":725},"end":{"line":1,"column":739}},"9":{"start":{"line":1,"column":742},"end":{"line":1,"column":763}},"10":{"start":{"line":1,"column":766},"end":{"line":1,"column":799}},"11":{"start":{"line":1,"column":802},"end":{"line":1,"column":838}},"12":{"start":{"line":1,"column":839},"end":{"line":1,"column":948}},"13":{"start":{"line":1,"column":988},"end":{"line":1,"column":1023}},"14":{"start":{"line":1,"column":1024},"end":{"line":1,"column":1393}},"15":{"start":{"line":1,"column":1104},"end":{"line":1,"column":1167}},"16":{"start":{"line":1,"column":1250},"end":{"line":1,"column":1311}},"17":{"start":{"line":1,"column":1353},"end":{"line":1,"column":1391}}},"fnMap":{"0":{"name":"(anonymous_0)","decl":{"start":{"line":1,"column":1},"end":{"line":1,"column":2}},"loc":{"start":{"line":1,"column":14},"end":{"line":1,"column":124}},"line":1},"1":{"name":"(anonymous_1)","decl":{"start":{"line":1,"column":127},"end":{"line":1,"column":128}},"loc":{"start":{"line":1,"column":137},"end":{"line":1,"column":1396}},"line":1},"2":{"name":"(anonymous_2)","decl":{"start":{"line":1,"column":383},"end":{"line":1,"column":384}},"loc":{"start":{"line":1,"column":402},"end":{"line":1,"column":440}},"line":1},"3":{"name":"(anonymous_3)","decl":{"start":{"line":1,"column":558},"end":{"line":1,"column":559}},"loc":{"start":{"line":1,"column":569},"end":{"line":1,"column":950}},"line":1},"4":{"name":"(anonymous_4)","decl":{"start":{"line":1,"column":971},"end":{"line":1,"column":972}},"loc":{"start":{"line":1,"column":981},"end":{"line":1,"column":1394}},"line":1},"5":{"name":"(anonymous_5)","decl":{"start":{"line":1,"column":1093},"end":{"line":1,"column":1094}},"loc":{"start":{"line":1,"column":1103},"end":{"line":1,"column":1168}},"line":1},"6":{"name":"(anonymous_6)","decl":{"start":{"line":1,"column":1239},"end":{"line":1,"column":1240}},"loc":{"start":{"line":1,"column":1249},"end":{"line":1,"column":1312}},"line":1},"7":{"name":"(anonymous_7)","decl":{"start":{"line":1,"column":1341},"end":{"line":1,"column":1342}},"loc":{"start":{"line":1,"column":1352},"end":{"line":1,"column":1392}},"line":1}},"branchMap":{"0":{"loc":{"start":{"line":1,"column":15},"end":{"line":1,"column":123}},"type":"cond-expr","locations":[{"start":{"line":1,"column":68},"end":{"line":1,"column":71}},{"start":{"line":1,"column":72},"end":{"line":1,"column":123}}],"line":1},"1":{"loc":{"start":{"line":1,"column":15},"end":{"line":1,"column":67}},"type":"binary-expr","locations":[{"start":{"line":1,"column":15},"end":{"line":1,"column":39}},{"start":{"line":1,"column":41},"end":{"line":1,"column":67}}],"line":1},"2":{"loc":{"start":{"line":1,"column":72},"end":{"line":1,"column":123}},"type":"cond-expr","locations":[{"start":{"line":1,"column":110},"end":{"line":1,"column":119}},{"start":{"line":1,"column":120},"end":{"line":1,"column":123}}],"line":1},"3":{"loc":{"start":{"line":1,"column":72},"end":{"line":1,"column":109}},"type":"binary-expr","locations":[{"start":{"line":1,"column":72},"end":{"line":1,"column":97}},{"start":{"line":1,"column":99},"end":{"line":1,"column":109}}],"line":1},"4":{"loc":{"start":{"line":1,"column":151},"end":{"line":1,"column":277}},"type":"if","locations":[{"start":{"line":1,"column":151},"end":{"line":1,"column":277}},{"start":{"line":1,"column":151},"end":{"line":1,"column":277}}],"line":1},"5":{"loc":{"start":{"line":1,"column":301},"end":{"line":1,"column":351}},"type":"cond-expr","locations":[{"start":{"line":1,"column":325},"end":{"line":1,"column":348}},{"start":{"line":1,"column":349},"end":{"line":1,"column":351}}],"line":1},"6":{"loc":{"start":{"line":1,"column":570},"end":{"line":1,"column":949}},"type":"if","locations":[{"start":{"line":1,"column":570},"end":{"line":1,"column":949}},{"start":{"line":1,"column":570},"end":{"line":1,"column":949}}],"line":1},"7":{"loc":{"start":{"line":1,"column":624},"end":{"line":1,"column":685}},"type":"binary-expr","locations":[{"start":{"line":1,"column":624},"end":{"line":1,"column":650}},{"start":{"line":1,"column":652},"end":{"line":1,"column":685}}],"line":1}},"s":{"0":0,"1":0,"2":0,"3":0,"4":0,"5":0,"6":0,"7":0,"8":0,"9":0,"10":0,"11":0,"12":0,"13":0,"14":0,"15":0,"16":0,"17":0},"f":{"0":0,"1":0,"2":0,"3":0,"4":0,"5":0,"6":0,"7":0},"b":{"0":[0,0],"1":[0,0],"2":[0,0],"3":[0,0],"4":[0,0],"5":[0,0],"6":[0,0],"7":[0,0]}},"c:\\Users\\janoka\\funWorkspace\\CloudDoorUi\\cloud-door-ui\\src\\utils\\chart.js":{"path":"c:\\Users\\janoka\\funWorkspace\\CloudDoorUi\\cloud-door-ui\\src\\utils\\chart.js","statementMap":{"0":{"start":{"line":3,"column":0},"end":{"line":3,"column":50}},"1":{"start":{"line":4,"column":0},"end":{"line":26,"column":3}},"2":{"start":{"line":6,"column":4},"end":{"line":6,"column":59}},"3":{"start":{"line":8,"column":4},"end":{"line":24,"column":5}},"4":{"start":{"line":9,"column":26},"end":{"line":9,"column":55}},"5":{"start":{"line":10,"column":22},"end":{"line":10,"column":32}},"6":{"start":{"line":11,"column":20},"end":{"line":11,"column":49}},"7":{"start":{"line":12,"column":19},"end":{"line":12,"column":52}},"8":{"start":{"line":13,"column":22},"end":{"line":13,"column":58}},"9":{"start":{"line":16,"column":6},"end":{"line":16,"column":17}},"10":{"start":{"line":17,"column":6},"end":{"line":17,"column":22}},"11":{"start":{"line":18,"column":6},"end":{"line":18,"column":26}},"12":{"start":{"line":19,"column":6},"end":{"line":19,"column":29}},"13":{"start":{"line":20,"column":6},"end":{"line":20,"column":26}},"14":{"start":{"line":21,"column":6},"end":{"line":21,"column":31}},"15":{"start":{"line":22,"column":6},"end":{"line":22,"column":19}},"16":{"start":{"line":23,"column":6},"end":{"line":23,"column":20}}},"fnMap":{},"branchMap":{"0":{"loc":{"start":{"line":8,"column":4},"end":{"line":24,"column":5}},"type":"if","locations":[{"start":{"line":8,"column":4},"end":{"line":24,"column":5}},{"start":{"line":8,"column":4},"end":{"line":24,"column":5}}],"line":8},"1":{"loc":{"start":{"line":8,"column":8},"end":{"line":8,"column":71}},"type":"binary-expr","locations":[{"start":{"line":8,"column":8},"end":{"line":8,"column":34}},{"start":{"line":8,"column":38},"end":{"line":8,"column":71}}],"line":8}},"s":{"0":0,"1":0,"2":0,"3":0,"4":0,"5":0,"6":0,"7":0,"8":0,"9":0,"10":0,"11":0,"12":0,"13":0,"14":0,"15":0,"16":0},"f":{},"b":{"0":[0,0],"1":[0,0]}},"c:\\Users\\janoka\\funWorkspace\\CloudDoorUi\\cloud-door-ui\\src\\views\\DeviceDetails.js":{"path":"c:\\Users\\janoka\\funWorkspace\\CloudDoorUi\\cloud-door-ui\\src\\views\\DeviceDetails.js","statementMap":{"0":{"start":{"line":10,"column":8},"end":{"line":10,"column":16}},"1":{"start":{"line":11,"column":8},"end":{"line":11,"column":40}},"2":{"start":{"line":13,"column":8},"end":{"line":13,"column":44}},"3":{"start":{"line":14,"column":8},"end":{"line":14,"column":47}},"4":{"start":{"line":16,"column":8},"end":{"line":18,"column":10}},"5":{"start":{"line":22,"column":8},"end":{"line":30,"column":15}},"6":{"start":{"line":24,"column":16},"end":{"line":27,"column":19}},"7":{"start":{"line":28,"column":16},"end":{"line":28,"column":57}},"8":{"start":{"line":29,"column":16},"end":{"line":29,"column":66}},"9":{"start":{"line":34,"column":8},"end":{"line":35,"column":43}},"10":{"start":{"line":35,"column":28},"end":{"line":35,"column":41}},"11":{"start":{"line":39,"column":8},"end":{"line":53,"column":10}}},"fnMap":{"0":{"name":"(anonymous_0)","decl":{"start":{"line":9,"column":4},"end":{"line":9,"column":5}},"loc":{"start":{"line":9,"column":23},"end":{"line":19,"column":5}},"line":9},"1":{"name":"(anonymous_1)","decl":{"start":{"line":21,"column":4},"end":{"line":21,"column":5}},"loc":{"start":{"line":21,"column":24},"end":{"line":31,"column":5}},"line":21},"2":{"name":"(anonymous_2)","decl":{"start":{"line":23,"column":18},"end":{"line":23,"column":19}},"loc":{"start":{"line":23,"column":26},"end":{"line":30,"column":13}},"line":23},"3":{"name":"(anonymous_3)","decl":{"start":{"line":33,"column":4},"end":{"line":33,"column":5}},"loc":{"start":{"line":33,"column":19},"end":{"line":36,"column":5}},"line":33},"4":{"name":"(anonymous_4)","decl":{"start":{"line":35,"column":18},"end":{"line":35,"column":19}},"loc":{"start":{"line":35,"column":28},"end":{"line":35,"column":41}},"line":35},"5":{"name":"(anonymous_5)","decl":{"start":{"line":38,"column":4},"end":{"line":38,"column":5}},"loc":{"start":{"line":38,"column":13},"end":{"line":54,"column":5}},"line":38}},"branchMap":{"0":{"loc":{"start":{"line":42,"column":39},"end":{"line":42,"column":83}},"type":"cond-expr","locations":[{"start":{"line":42,"column":59},"end":{"line":42,"column":69}},{"start":{"line":42,"column":72},"end":{"line":42,"column":83}}],"line":42}},"s":{"0":0,"1":0,"2":0,"3":0,"4":0,"5":0,"6":0,"7":0,"8":0,"9":0,"10":0,"11":0},"f":{"0":0,"1":0,"2":0,"3":0,"4":0,"5":0},"b":{"0":[0,0]}},"c:\\Users\\janoka\\funWorkspace\\CloudDoorUi\\cloud-door-ui\\src\\views\\Devices.js":{"path":"c:\\Users\\janoka\\funWorkspace\\CloudDoorUi\\cloud-door-ui\\src\\views\\Devices.js","statementMap":{"0":{"start":{"line":10,"column":4},"end":{"line":51,"column":6}}},"fnMap":{"0":{"name":"(anonymous_0)","decl":{"start":{"line":9,"column":2},"end":{"line":9,"column":3}},"loc":{"start":{"line":9,"column":11},"end":{"line":52,"column":3}},"line":9}},"branchMap":{},"s":{"0":0},"f":{"0":0},"b":{}},"c:\\Users\\janoka\\funWorkspace\\CloudDoorUi\\cloud-door-ui\\src\\views\\Overview.js":{"path":"c:\\Users\\janoka\\funWorkspace\\CloudDoorUi\\cloud-door-ui\\src\\views\\Overview.js","statementMap":{"0":{"start":{"line":13,"column":17},"end":{"line":66,"column":1}},"1":{"start":{"line":14,"column":2},"end":{"line":65,"column":14}},"2":{"start":{"line":23,"column":8},"end":{"line":35,"column":14}},"3":{"start":{"line":68,"column":0},"end":{"line":73,"column":2}},"4":{"start":{"line":75,"column":0},"end":{"line":171,"column":2}}},"fnMap":{"0":{"name":"(anonymous_0)","decl":{"start":{"line":13,"column":17},"end":{"line":13,"column":18}},"loc":{"start":{"line":14,"column":2},"end":{"line":65,"column":14}},"line":14},"1":{"name":"(anonymous_1)","decl":{"start":{"line":22,"column":22},"end":{"line":22,"column":23}},"loc":{"start":{"line":23,"column":8},"end":{"line":35,"column":14}},"line":23}},"branchMap":{},"s":{"0":0,"1":0,"2":0,"3":0,"4":0},"f":{"0":0,"1":0},"b":{}},"c:\\Users\\janoka\\funWorkspace\\CloudDoorUi\\cloud-door-ui\\src\\withTracker.js":{"path":"c:\\Users\\janoka\\funWorkspace\\CloudDoorUi\\cloud-door-ui\\src\\withTracker.js","statementMap":{"0":{"start":{"line":3,"column":20},"end":{"line":37,"column":1}},"1":{"start":{"line":4,"column":20},"end":{"line":8,"column":3}},"2":{"start":{"line":5,"column":4},"end":{"line":7,"column":5}},"3":{"start":{"line":6,"column":6},"end":{"line":6,"column":13}},"4":{"start":{"line":10,"column":19},"end":{"line":10,"column":55}},"5":{"start":{"line":13,"column":14},"end":{"line":34,"column":3}},"6":{"start":{"line":16,"column":19},"end":{"line":16,"column":76}},"7":{"start":{"line":17,"column":6},"end":{"line":17,"column":38}},"8":{"start":{"line":22,"column":8},"end":{"line":22,"column":63}},"9":{"start":{"line":24,"column":8},"end":{"line":24,"column":65}},"10":{"start":{"line":26,"column":6},"end":{"line":28,"column":7}},"11":{"start":{"line":27,"column":8},"end":{"line":27,"column":44}},"12":{"start":{"line":32,"column":6},"end":{"line":32,"column":50}},"13":{"start":{"line":36,"column":2},"end":{"line":36,"column":13}}},"fnMap":{"0":{"name":"(anonymous_0)","decl":{"start":{"line":3,"column":20},"end":{"line":3,"column":21}},"loc":{"start":{"line":3,"column":56},"end":{"line":37,"column":1}},"line":3},"1":{"name":"(anonymous_1)","decl":{"start":{"line":4,"column":20},"end":{"line":4,"column":21}},"loc":{"start":{"line":4,"column":28},"end":{"line":8,"column":3}},"line":4},"2":{"name":"(anonymous_2)","decl":{"start":{"line":14,"column":4},"end":{"line":14,"column":5}},"loc":{"start":{"line":14,"column":24},"end":{"line":18,"column":5}},"line":14},"3":{"name":"(anonymous_3)","decl":{"start":{"line":20,"column":4},"end":{"line":20,"column":5}},"loc":{"start":{"line":20,"column":34},"end":{"line":29,"column":5}},"line":20},"4":{"name":"(anonymous_4)","decl":{"start":{"line":31,"column":4},"end":{"line":31,"column":5}},"loc":{"start":{"line":31,"column":13},"end":{"line":33,"column":5}},"line":31}},"branchMap":{"0":{"loc":{"start":{"line":3,"column":39},"end":{"line":3,"column":51}},"type":"default-arg","locations":[{"start":{"line":3,"column":49},"end":{"line":3,"column":51}}],"line":3},"1":{"loc":{"start":{"line":5,"column":4},"end":{"line":7,"column":5}},"type":"if","locations":[{"start":{"line":5,"column":4},"end":{"line":7,"column":5}},{"start":{"line":5,"column":4},"end":{"line":7,"column":5}}],"line":5},"2":{"loc":{"start":{"line":10,"column":19},"end":{"line":10,"column":55}},"type":"binary-expr","locations":[{"start":{"line":10,"column":19},"end":{"line":10,"column":49}},{"start":{"line":10,"column":53},"end":{"line":10,"column":55}}],"line":10},"3":{"loc":{"start":{"line":26,"column":6},"end":{"line":28,"column":7}},"type":"if","locations":[{"start":{"line":26,"column":6},"end":{"line":28,"column":7}},{"start":{"line":26,"column":6},"end":{"line":28,"column":7}}],"line":26}},"s":{"0":0,"1":0,"2":0,"3":0,"4":0,"5":0,"6":0,"7":0,"8":0,"9":0,"10":0,"11":0,"12":0,"13":0},"f":{"0":0,"1":0,"2":0,"3":0,"4":0},"b":{"0":[0],"1":[0,0],"2":[0,0],"3":[0,0]}}}